2025-05-30 18:49:15.821 [info] Started local extension host with pid 163740.
2025-05-30 18:49:15.998 [info] ComputeTargetPlatform: linux-x64
2025-05-30 18:49:16.153 [info] ChatSessionStore: Migrating 0 chat sessions from storage service to file system
2025-05-30 18:49:16.440 [info] Settings Sync: Account status changed from uninitialized to unavailable
2025-05-30 18:49:18.447 [info] [perf] Render performance baseline is 15ms
2025-05-30 18:49:29.420 [info] Started local extension host with pid 163866.
2025-05-30 18:49:29.438 [info] ComputeTargetPlatform: linux-x64
2025-05-30 18:49:29.689 [info] ChatSessionStore: Migrating 0 chat sessions from storage service to file system
2025-05-30 18:49:29.884 [info] Settings Sync: Account status changed from uninitialized to unavailable
2025-05-30 18:49:32.148 [info] [perf] Render performance baseline is 14ms
2025-05-30 19:29:22.905 [error] TextModel got disposed before DiffEditorWidget model got reset: Error: TextModel got disposed before DiffEditorWidget model got reset
    at Wne.value (vscode-file://vscode-app/opt/visual-studio-code/resources/app/out/vs/workbench/workbench.desktop.main.js:409:143454)
    at E.B (vscode-file://vscode-app/opt/visual-studio-code/resources/app/out/vs/workbench/workbench.desktop.main.js:29:2392)
    at E.C (vscode-file://vscode-app/opt/visual-studio-code/resources/app/out/vs/workbench/workbench.desktop.main.js:29:2462)
    at E.fire (vscode-file://vscode-app/opt/visual-studio-code/resources/app/out/vs/workbench/workbench.desktop.main.js:29:2680)
    at Jd.dispose (vscode-file://vscode-app/opt/visual-studio-code/resources/app/out/vs/workbench/workbench.desktop.main.js:263:21509)
    at Wne.value (vscode-file://vscode-app/opt/visual-studio-code/resources/app/out/vs/workbench/workbench.desktop.main.js:2165:51036)
    at E.B (vscode-file://vscode-app/opt/visual-studio-code/resources/app/out/vs/workbench/workbench.desktop.main.js:29:2392)
    at E.C (vscode-file://vscode-app/opt/visual-studio-code/resources/app/out/vs/workbench/workbench.desktop.main.js:29:2462)
    at E.fire (vscode-file://vscode-app/opt/visual-studio-code/resources/app/out/vs/workbench/workbench.desktop.main.js:29:2680)
    at jSe.dispose (vscode-file://vscode-app/opt/visual-studio-code/resources/app/out/vs/workbench/workbench.desktop.main.js:2187:4341)
2025-05-30 19:47:12.249 [error] [Extension Host] SyntaxError: CssSyntaxError: Unknown word span (2:5)
  1 |
> 2 |     span
    |     ^
  3 |     
  4 |
    at sp (file:///home/melinda/src/site.old/node_modules/prettier/plugins/postcss.mjs:54:11473)
    at Ks (file:///home/melinda/src/site.old/node_modules/prettier/plugins/postcss.mjs:54:18744)
    at Object.pl [as parse] (file:///home/melinda/src/site.old/node_modules/prettier/plugins/postcss.mjs:54:19067)
    at parse5 (file:///home/melinda/src/site.old/node_modules/prettier/index.mjs:19983:24)
    at async textToDoc (file:///home/melinda/src/site.old/node_modules/prettier/index.mjs:20090:19) {
  loc: { start: { line: 2, column: 5 } },
  cause: t [CssSyntaxError]: <css input>:2:5: Unknown word span
      at Ie.error (file:///home/melinda/src/site.old/node_modules/prettier/plugins/postcss.mjs:20:9676)
      at Cs.unknownWord (file:///home/melinda/src/site.old/node_modules/prettier/plugins/postcss.mjs:22:9997)
      at Cs.other (file:///home/melinda/src/site.old/node_modules/prettier/plugins/postcss.mjs:22:8403)
      at Cs.parse (file:///home/melinda/src/site.old/node_modules/prettier/plugins/postcss.mjs:22:8722)
      at ia.exports (file:///home/melinda/src/site.old/node_modules/prettier/plugins/postcss.mjs:26:1635)
      at Ks (file:///home/melinda/src/site.old/node_modules/prettier/plugins/postcss.mjs:54:18655)
      at Object.pl [as parse] (file:///home/melinda/src/site.old/node_modules/prettier/plugins/postcss.mjs:54:19067)
      at parse5 (file:///home/melinda/src/site.old/node_modules/prettier/index.mjs:19983:24)
      at async textToDoc (file:///home/melinda/src/site.old/node_modules/prettier/index.mjs:20090:19) {
    reason: 'Unknown word span',
    source: '\n    span\n    \n',
    line: 2,
    column: 5,
    endLine: 2,
    endColumn: 9,
    input: {
      column: 5,
      endColumn: 9,
      endLine: 2,
      line: 2,
      source: '\n    span\n    \n'
    }
  },
  codeFrame: '  1 |\n> 2 |     span\n    |     ^\n  3 |     \n  4 |'
}
2025-05-30 19:58:16.734 [error] [Extension Host] SyntaxError: CssSyntaxError: Unclosed block (5:3)
  3 |   @use '$lib/scss/_breakpoints';
  4 |
> 5 |   .entry {
    |   ^
  6 |     display: grid;
  7 |     border-bottom: 0.5px solid variables.$body-text-color;
  8 |     overflow-y: hidden;
    at sp (file:///home/melinda/src/site.old/node_modules/prettier/plugins/postcss.mjs:54:11473)
    at Ks (file:///home/melinda/src/site.old/node_modules/prettier/plugins/postcss.mjs:54:18744)
    at Object.pl [as parse] (file:///home/melinda/src/site.old/node_modules/prettier/plugins/postcss.mjs:54:19067)
    at parse5 (file:///home/melinda/src/site.old/node_modules/prettier/index.mjs:19983:24)
    at async textToDoc (file:///home/melinda/src/site.old/node_modules/prettier/index.mjs:20090:19) {
  loc: { start: { line: 5, column: 3 } },
  cause: t [CssSyntaxError]: <css input>:5:3: Unclosed block
      at Ie.error (file:///home/melinda/src/site.old/node_modules/prettier/plugins/postcss.mjs:20:9676)
      at Cs.unclosedBlock (file:///home/melinda/src/site.old/node_modules/prettier/plugins/postcss.mjs:22:9745)
      at Cs.endFile (file:///home/melinda/src/site.old/node_modules/prettier/plugins/postcss.mjs:22:6946)
      at Cs.parse (file:///home/melinda/src/site.old/node_modules/prettier/plugins/postcss.mjs:22:8742)
      at ia.exports (file:///home/melinda/src/site.old/node_modules/prettier/plugins/postcss.mjs:26:1635)
      at Ks (file:///home/melinda/src/site.old/node_modules/prettier/plugins/postcss.mjs:54:18655)
      at Object.pl [as parse] (file:///home/melinda/src/site.old/node_modules/prettier/plugins/postcss.mjs:54:19067)
      at parse5 (file:///home/melinda/src/site.old/node_modules/prettier/index.mjs:19983:24)
      at async textToDoc (file:///home/melinda/src/site.old/node_modules/prettier/index.mjs:20090:19) {
    reason: 'Unclosed block',
    source: '\n' +
      "  @use '$lib/scss/_variables';\n" +
      "  @use '$lib/scss/_breakpoints';\n" +
      '\n' +
      '  .entry {\n' +
      '    display: grid;\n' +
      '    border-bottom: 0.5px solid variables.$body-text-color;\n' +
      '    overflow-y: hidden;\n' +
      '    @include breakpoints.lg {\n' +
      '      column-gap: 4px;\n' +
      '      grid-template-columns: 2fr 11fr;\n' +
      '    }\n' +
      '    &--failure {\n' +
      '      .entry__date__icon {\n' +
      '        background: variables.$graphic-color !important;\n' +
      '      }\n' +
      '      .entry__title__text {\n' +
      '        color: variables.$graphic-color;\n' +
      '      }\n' +
      '    }\n' +
      '\n' +
      '    p,\n' +
      '    a {\n' +
      '      text-decoration: none;\n' +
      '      margin: 0;\n' +
      '      padding: 0;\n' +
      '      color: inherit;\n' +
      '      letter-spacing: -0.04em;\n' +
      '    }\n' +
      '    .entry__caption {\n' +
      '      text-transform: uppercase;\n' +
      '      font-family: variables.$font-monospace;\n' +
      '      font-size: 1.2rem;\n' +
      '      line-height: 100%;\n' +
      '      display: flex;\n' +
      '      align-items: flex-start;\n' +
      '      grid-column: 1 / -1;\n' +
      '      @include breakpoints.lg {\n' +
      '        grid-column: 1;\n' +
      '      }\n' +
      '      &__text {\n' +
      '        display: flex;\n' +
      '        align-items: center;\n' +
      '        justify-content: center;\n' +
      '        &::after {\n' +
      "          content: 'A';\n" +
      '          visibility: hidden;\n' +
      '          font-size: 2rem;\n' +
      '        }\n' +
      '      }\n' +
      '      &.entry__date {\n' +
      '        padding-top: 1.3rem;\n' +
      '        @include breakpoints.lg {\n' +
      '          padding: 0;\n' +
      '        }\n' +
      '        .entry__date__text {\n' +
      '          color: variables.$minor-text-color;\n' +
      '          display: inline-flex;\n' +
      '          gap: 1rem;\n' +
      '          align-items: center;\n' +
      '          .entry__date__icon {\n' +
      '            background: variables.$minor-text-color;\n' +
      '            height: 0.6rem;\n' +
      '            width: 0.6rem;\n' +
      '          }\n' +
      '        }\n' +
      '      }\n' +
      '    }\n' +
      '    &__title {\n' +
      '      color: variables.$major-text-color;\n' +
      '      text-decoration: none;\n' +
      '      grid-column: 1 / -1;\n' +
      '      display: grid;\n' +
      '      grid-auto-rows: min-content;\n' +
      '      align-items: center;\n' +
      '      grid-template-columns: 10fr 1fr;\n' +
      '      @include breakpoints.lg {\n' +
      '        gap: 1rem;\n' +
      '        grid-template-columns: 2fr 10fr 1fr;\n' +
      '      }\n' +
      '      &:hover {\n' +
      '        color: variables.$text-inverted-color;\n' +
      '        background: variables.$highlight-color;\n' +
      '        .entry {\n' +
      '          & &__caption  { &__date__text {\n' +
      '            color: variables.$text-inverted-color;\n' +
      '            &__icon {\n' +
      '              background: variables.$text-inverted-color;\n' +
      '            }\n' +
      '          }\n' +
      '          &__date &__title__icon {\n' +
      '            color: variables.$text-inverted-color;\n' +
      '          }\n' +
      '        }\n' +
      '      }\n' +
      '      .entry__title__text {\n' +
      '        padding: 1.3rem 0;\n' +
      '        font-size: 2.2rem;\n' +
      '        line-height: 100%;\n' +
      '        @include breakpoints.md {\n' +
      '          font-size: 2.5rem;\n' +
      '        }\n' +
      '      }\n' +
      '      .entry__title__icon {\n' +
      '        cursor: pointer;\n' +
      '        background: none;\n' +
      '        color: variables.$major-text-color;\n' +
      '        border: none;\n' +
      '      }\n' +
      '    }\n' +
      '\n' +
      '    &__body {\n' +
      '      grid-column: 1 / -1;\n' +
      '      padding: 2.4rem 0;\n' +
      '      display: grid;\n' +
      '      grid-template-columns: subgrid;\n' +
      '      font-size: 2rem;\n' +
      '\n' +
      '      & > div {\n' +
      '        &:not(:last-child) {\n' +
      '          margin-bottom: 1em;\n' +
      '        }\n' +
      '        grid-column: 1 / -1;\n' +
      '        display: grid;\n' +
      '        grid-template-columns: subgrid;\n' +
      '        row-gap: 1rem;\n' +
      '        line-height: 1.3;\n' +
      '      }\n' +
      '      .entry__item__text {\n' +
      '        font-size: 2rem;\n' +
      '      }\n' +
      '      .entry__item__tags {\n' +
      '        display: flex;\n' +
      '        align-items: flex-start;\n' +
      '        flex-wrap: wrap;\n' +
      '        gap: 2px;\n' +
      '        .tag {\n' +
      '          white-space: nowrap;\n' +
      '          cursor: pointer;\n' +
      '          text-decoration: none;\n' +
      '          font-size: 1.2rem;\n' +
      '          text-transform: uppercase;\n' +
      '          font-family: variables.$font-monospace;\n' +
      '          color: variables.$tag-text-color;\n' +
      '          border: 0.5px dotted variables.$tag-text-color;\n' +
      '          padding: 1px 4px 3px 4px;\n' +
      '          border-radius: 4px;\n' +
      '          &:hover {\n' +
      '            color: variables.$text-inverted-color;\n' +
      '            background: variables.$tag-text-color;\n' +
      '          }\n' +
      '        }\n' +
      '      }\n' +
      '    }\n' +
      '  }\n',
    line: 5,
    column: 3,
    input: {
      column: 3,
      endColumn: undefined,
      endLine: undefined,
      line: 5,
      source: '\n' +
        "  @use '$lib/scss/_variables';\n" +
        "  @use '$lib/scss/_breakpoints';\n" +
        '\n' +
        '  .entry {\n' +
        '    display: grid;\n' +
        '    border-bottom: 0.5px solid variables.$body-text-color;\n' +
        '    overflow-y: hidden;\n' +
        '    @include breakpoints.lg {\n' +
        '      column-gap: 4px;\n' +
        '      grid-template-columns: 2fr 11fr;\n' +
        '    }\n' +
        '    &--failure {\n' +
        '      .entry__date__icon {\n' +
        '        background: variables.$graphic-color !important;\n' +
        '      }\n' +
        '      .entry__title__text {\n' +
        '        color: variables.$graphic-color;\n' +
        '      }\n' +
        '    }\n' +
        '\n' +
        '    p,\n' +
        '    a {\n' +
        '      text-decoration: none;\n' +
        '      margin: 0;\n' +
        '      padding: 0;\n' +
        '      color: inherit;\n' +
        '      letter-spacing: -0.04em;\n' +
        '    }\n' +
        '    .entry__caption {\n' +
        '      text-transform: uppercase;\n' +
        '      font-family: variables.$font-monospace;\n' +
        '      font-size: 1.2rem;\n' +
        '      line-height: 100%;\n' +
        '      display: flex;\n' +
        '      align-items: flex-start;\n' +
        '      grid-column: 1 / -1;\n' +
        '      @include breakpoints.lg {\n' +
        '        grid-column: 1;\n' +
        '      }\n' +
        '      &__text {\n' +
        '        display: flex;\n' +
        '        align-items: center;\n' +
        '        justify-content: center;\n' +
        '        &::after {\n' +
        "          content: 'A';\n" +
        '          visibility: hidden;\n' +
        '          font-size: 2rem;\n' +
        '        }\n' +
        '      }\n' +
        '      &.entry__date {\n' +
        '        padding-top: 1.3rem;\n' +
        '        @include breakpoints.lg {\n' +
        '          padding: 0;\n' +
        '        }\n' +
        '        .entry__date__text {\n' +
        '          color: variables.$minor-text-color;\n' +
        '          display: inline-flex;\n' +
        '          gap: 1rem;\n' +
        '          align-items: center;\n' +
        '          .entry__date__icon {\n' +
        '            background: variables.$minor-text-color;\n' +
        '            height: 0.6rem;\n' +
        '            width: 0.6rem;\n' +
        '          }\n' +
        '        }\n' +
        '      }\n' +
        '    }\n' +
        '    &__title {\n' +
        '      color: variables.$major-text-color;\n' +
        '      text-decoration: none;\n' +
        '      grid-column: 1 / -1;\n' +
        '      display: grid;\n' +
        '      grid-auto-rows: min-content;\n' +
        '      align-items: center;\n' +
        '      grid-template-columns: 10fr 1fr;\n' +
        '      @include breakpoints.lg {\n' +
        '        gap: 1rem;\n' +
        '        grid-template-columns: 2fr 10fr 1fr;\n' +
        '      }\n' +
        '      &:hover {\n' +
        '        color: variables.$text-inverted-color;\n' +
        '        background: variables.$highlight-color;\n' +
        '        .entry {\n' +
        '          & &__caption  { &__date__text {\n' +
        '            color: variables.$text-inverted-color;\n' +
        '            &__icon {\n' +
        '              background: variables.$text-inverted-color;\n' +
        '            }\n' +
        '          }\n' +
        '          &__date &__title__icon {\n' +
        '            color: variables.$text-inverted-color;\n' +
        '          }\n' +
        '        }\n' +
        '      }\n' +
        '      .entry__title__text {\n' +
        '        padding: 1.3rem 0;\n' +
        '        font-size: 2.2rem;\n' +
        '        line-height: 100%;\n' +
        '        @include breakpoints.md {\n' +
        '          font-size: 2.5rem;\n' +
        '        }\n' +
        '      }\n' +
        '      .entry__title__icon {\n' +
        '        cursor: pointer;\n' +
        '        background: none;\n' +
        '        color: variables.$major-text-color;\n' +
        '        border: none;\n' +
        '      }\n' +
        '    }\n' +
        '\n' +
        '    &__body {\n' +
        '      grid-column: 1 / -1;\n' +
        '      padding: 2.4rem 0;\n' +
        '      display: grid;\n' +
        '      grid-template-columns: subgrid;\n' +
        '      font-size: 2rem;\n' +
        '\n' +
        '      & > div {\n' +
        '        &:not(:last-child) {\n' +
        '          margin-bottom: 1em;\n' +
        '        }\n' +
        '        grid-column: 1 / -1;\n' +
        '        display: grid;\n' +
        '        grid-template-columns: subgrid;\n' +
        '        row-gap: 1rem;\n' +
        '        line-height: 1.3;\n' +
        '      }\n' +
        '      .entry__item__text {\n' +
        '        font-size: 2rem;\n' +
        '      }\n' +
        '      .entry__item__tags {\n' +
        '        display: flex;\n' +
        '        align-items: flex-start;\n' +
        '        flex-wrap: wrap;\n' +
        '        gap: 2px;\n' +
        '        .tag {\n' +
        '          white-space: nowrap;\n' +
        '          cursor: pointer;\n' +
        '          text-decoration: none;\n' +
        '          font-size: 1.2rem;\n' +
        '          text-transform: uppercase;\n' +
        '          font-family: variables.$font-monospace;\n' +
        '          color: variables.$tag-text-color;\n' +
        '          border: 0.5px dotted variables.$tag-text-color;\n' +
        '          padding: 1px 4px 3px 4px;\n' +
        '          border-radius: 4px;\n' +
        '          &:hover {\n' +
        '            color: variables.$text-inverted-color;\n' +
        '            background: variables.$tag-text-color;\n' +
        '          }\n' +
        '        }\n' +
        '      }\n' +
        '    }\n' +
        '  }\n'
    }
  },
  codeFrame: "  3 |   @use '$lib/scss/_breakpoints';\n" +
    '  4 |\n' +
    '> 5 |   .entry {\n' +
    '    |   ^\n' +
    '  6 |     display: grid;\n' +
    '  7 |     border-bottom: 0.5px solid variables.$body-text-color;\n' +
    '  8 |     overflow-y: hidden;'
}
