2025-05-31 00:49:03.906 [info] Extension host with pid 11715 started
2025-05-31 00:49:03.906 [info] Skipping acquiring lock for /home/melinda/.config/Code/User/workspaceStorage/88bf913228d2a2b9c8f116da068e9fcc.
2025-05-31 00:49:04.153 [info] ExtensionService#_doActivateExtension vscode.github-authentication, startup: false, activationEvent: 'onAuthenticationRequest:github'
2025-05-31 00:49:04.172 [info] ExtensionService#_doActivateExtension vscode.emmet, startup: false, activationEvent: 'onLanguage'
2025-05-31 00:49:04.183 [info] ExtensionService#_doActivateExtension svelte.svelte-vscode, startup: false, activationEvent: 'onLanguage:svelte'
2025-05-31 00:49:04.234 [info] ExtensionService#_doActivateExtension syler.sass-indented, startup: false, activationEvent: 'onLanguage:svelte'
2025-05-31 00:49:04.338 [info] ExtensionService#_doActivateExtension vscode.git-base, startup: true, activationEvent: '*', root cause: vscode.git
2025-05-31 00:49:04.340 [info] ExtensionService#_doActivateExtension vscode.npm, startup: true, activationEvent: 'workspaceContains:package.json'
2025-05-31 00:49:04.362 [info] ExtensionService#_doActivateExtension vscode.typescript-language-features, startup: false, activationEvent: 'onCommand:_typescript.configurePlugin'
2025-05-31 00:49:04.544 [info] ExtensionService#_doActivateExtension vscode.git, startup: true, activationEvent: '*'
2025-05-31 00:49:04.579 [info] ExtensionService#_doActivateExtension vscode.github, startup: true, activationEvent: '*'
2025-05-31 00:49:04.652 [info] Eager extensions activated
2025-05-31 00:49:04.658 [info] ExtensionService#_doActivateExtension vscode.debug-auto-launch, startup: false, activationEvent: 'onStartupFinished'
2025-05-31 00:49:04.661 [info] ExtensionService#_doActivateExtension vscode.merge-conflict, startup: false, activationEvent: 'onStartupFinished'
2025-05-31 00:49:04.673 [info] ExtensionService#_doActivateExtension Catppuccin.catppuccin-vsc, startup: false, activationEvent: 'onStartupFinished'
2025-05-31 00:49:04.677 [info] ExtensionService#_doActivateExtension esbenp.prettier-vscode, startup: false, activationEvent: 'onStartupFinished'
2025-05-31 00:49:05.300 [info] ExtensionService#_doActivateExtension vscode.configuration-editing, startup: false, activationEvent: 'onLanguage:jsonc'
2025-05-31 00:49:05.307 [info] ExtensionService#_doActivateExtension vscode.json-language-features, startup: false, activationEvent: 'onLanguage:jsonc'
2025-05-31 00:49:09.622 [info] ExtensionService#_doActivateExtension vscode.extension-editing, startup: false, activationEvent: 'onLanguage:json'
2025-05-31 00:49:13.592 [info] ExtensionService#_doActivateExtension vscode.simple-browser, startup: false, activationEvent: 'onOpenExternalUri:http'
2025-05-31 00:53:53.358 [error] Error: Starting server failed
	at LanguageClient.$start (/home/melinda/.vscode/extensions/svelte.svelte-vscode-109.8.1/node_modules/vscode-languageclient/lib/common/client.js:1133:19)
	at process.processTicksAndRejections (node:internal/process/task_queues:95:5)
	at async LanguageClient.sendNotification (/home/melinda/.vscode/extensions/svelte.svelte-vscode-109.8.1/node_modules/vscode-languageclient/lib/common/client.js:431:28)
2025-05-31 00:54:36.490 [error] Error: Starting server failed
	at LanguageClient.$start (/home/melinda/.vscode/extensions/svelte.svelte-vscode-109.8.1/node_modules/vscode-languageclient/lib/common/client.js:1133:19)
	at process.processTicksAndRejections (node:internal/process/task_queues:95:5)
	at async LanguageClient.sendNotification (/home/melinda/.vscode/extensions/svelte.svelte-vscode-109.8.1/node_modules/vscode-languageclient/lib/common/client.js:431:28)
2025-05-31 00:54:56.611 [error] Error: Starting server failed
	at LanguageClient.$start (/home/melinda/.vscode/extensions/svelte.svelte-vscode-109.8.1/node_modules/vscode-languageclient/lib/common/client.js:1133:19)
	at process.processTicksAndRejections (node:internal/process/task_queues:95:5)
	at async LanguageClient.sendNotification (/home/melinda/.vscode/extensions/svelte.svelte-vscode-109.8.1/node_modules/vscode-languageclient/lib/common/client.js:431:28)
2025-05-31 00:55:14.514 [error] Error: Starting server failed
	at LanguageClient.$start (/home/melinda/.vscode/extensions/svelte.svelte-vscode-109.8.1/node_modules/vscode-languageclient/lib/common/client.js:1133:19)
	at process.processTicksAndRejections (node:internal/process/task_queues:95:5)
	at async LanguageClient.sendNotification (/home/melinda/.vscode/extensions/svelte.svelte-vscode-109.8.1/node_modules/vscode-languageclient/lib/common/client.js:431:28)
2025-05-31 00:55:30.400 [error] Error: Starting server failed
	at LanguageClient.$start (/home/melinda/.vscode/extensions/svelte.svelte-vscode-109.8.1/node_modules/vscode-languageclient/lib/common/client.js:1133:19)
	at process.processTicksAndRejections (node:internal/process/task_queues:95:5)
	at async LanguageClient.sendNotification (/home/melinda/.vscode/extensions/svelte.svelte-vscode-109.8.1/node_modules/vscode-languageclient/lib/common/client.js:431:28)
2025-05-31 00:55:35.158 [error] Error: Starting server failed
	at LanguageClient.$start (/home/melinda/.vscode/extensions/svelte.svelte-vscode-109.8.1/node_modules/vscode-languageclient/lib/common/client.js:1133:19)
	at process.processTicksAndRejections (node:internal/process/task_queues:95:5)
	at async LanguageClient.sendNotification (/home/melinda/.vscode/extensions/svelte.svelte-vscode-109.8.1/node_modules/vscode-languageclient/lib/common/client.js:431:28)
2025-05-31 00:55:48.816 [error] Error: Starting server failed
	at LanguageClient.$start (/home/melinda/.vscode/extensions/svelte.svelte-vscode-109.8.1/node_modules/vscode-languageclient/lib/common/client.js:1133:19)
	at process.processTicksAndRejections (node:internal/process/task_queues:95:5)
	at async LanguageClient.sendNotification (/home/melinda/.vscode/extensions/svelte.svelte-vscode-109.8.1/node_modules/vscode-languageclient/lib/common/client.js:431:28)
2025-05-31 00:56:55.392 [error] Error: Starting server failed
	at LanguageClient.$start (/home/melinda/.vscode/extensions/svelte.svelte-vscode-109.8.1/node_modules/vscode-languageclient/lib/common/client.js:1133:19)
	at process.processTicksAndRejections (node:internal/process/task_queues:95:5)
	at async LanguageClient.sendNotification (/home/melinda/.vscode/extensions/svelte.svelte-vscode-109.8.1/node_modules/vscode-languageclient/lib/common/client.js:431:28)
2025-05-31 00:56:59.683 [error] Error: Starting server failed
	at LanguageClient.$start (/home/melinda/.vscode/extensions/svelte.svelte-vscode-109.8.1/node_modules/vscode-languageclient/lib/common/client.js:1133:19)
	at process.processTicksAndRejections (node:internal/process/task_queues:95:5)
	at async LanguageClient.sendNotification (/home/melinda/.vscode/extensions/svelte.svelte-vscode-109.8.1/node_modules/vscode-languageclient/lib/common/client.js:431:28)
2025-05-31 00:57:18.264 [error] Error: Starting server failed
	at LanguageClient.$start (/home/melinda/.vscode/extensions/svelte.svelte-vscode-109.8.1/node_modules/vscode-languageclient/lib/common/client.js:1133:19)
	at process.processTicksAndRejections (node:internal/process/task_queues:95:5)
	at async LanguageClient.sendNotification (/home/melinda/.vscode/extensions/svelte.svelte-vscode-109.8.1/node_modules/vscode-languageclient/lib/common/client.js:431:28)
2025-05-31 00:57:25.419 [error] Error: Starting server failed
	at LanguageClient.$start (/home/melinda/.vscode/extensions/svelte.svelte-vscode-109.8.1/node_modules/vscode-languageclient/lib/common/client.js:1133:19)
	at process.processTicksAndRejections (node:internal/process/task_queues:95:5)
	at async LanguageClient.sendNotification (/home/melinda/.vscode/extensions/svelte.svelte-vscode-109.8.1/node_modules/vscode-languageclient/lib/common/client.js:431:28)
2025-05-31 00:57:38.867 [error] Error: Starting server failed
	at LanguageClient.$start (/home/melinda/.vscode/extensions/svelte.svelte-vscode-109.8.1/node_modules/vscode-languageclient/lib/common/client.js:1133:19)
	at process.processTicksAndRejections (node:internal/process/task_queues:95:5)
	at async LanguageClient.sendNotification (/home/melinda/.vscode/extensions/svelte.svelte-vscode-109.8.1/node_modules/vscode-languageclient/lib/common/client.js:431:28)
2025-05-31 00:58:01.947 [error] Error: Starting server failed
	at LanguageClient.$start (/home/melinda/.vscode/extensions/svelte.svelte-vscode-109.8.1/node_modules/vscode-languageclient/lib/common/client.js:1133:19)
	at process.processTicksAndRejections (node:internal/process/task_queues:95:5)
	at async LanguageClient.sendNotification (/home/melinda/.vscode/extensions/svelte.svelte-vscode-109.8.1/node_modules/vscode-languageclient/lib/common/client.js:431:28)
2025-05-31 00:58:27.712 [error] Error: Starting server failed
	at LanguageClient.$start (/home/melinda/.vscode/extensions/svelte.svelte-vscode-109.8.1/node_modules/vscode-languageclient/lib/common/client.js:1133:19)
	at process.processTicksAndRejections (node:internal/process/task_queues:95:5)
	at async LanguageClient.sendNotification (/home/melinda/.vscode/extensions/svelte.svelte-vscode-109.8.1/node_modules/vscode-languageclient/lib/common/client.js:431:28)
2025-05-31 00:59:52.120 [error] Error: Starting server failed
	at LanguageClient.$start (/home/melinda/.vscode/extensions/svelte.svelte-vscode-109.8.1/node_modules/vscode-languageclient/lib/common/client.js:1133:19)
	at process.processTicksAndRejections (node:internal/process/task_queues:95:5)
	at async LanguageClient.sendNotification (/home/melinda/.vscode/extensions/svelte.svelte-vscode-109.8.1/node_modules/vscode-languageclient/lib/common/client.js:431:28)
2025-05-31 01:00:09.423 [error] Error: Starting server failed
	at LanguageClient.$start (/home/melinda/.vscode/extensions/svelte.svelte-vscode-109.8.1/node_modules/vscode-languageclient/lib/common/client.js:1133:19)
	at process.processTicksAndRejections (node:internal/process/task_queues:95:5)
	at async LanguageClient.sendNotification (/home/melinda/.vscode/extensions/svelte.svelte-vscode-109.8.1/node_modules/vscode-languageclient/lib/common/client.js:431:28)
2025-05-31 01:00:21.385 [error] Error: Starting server failed
	at LanguageClient.$start (/home/melinda/.vscode/extensions/svelte.svelte-vscode-109.8.1/node_modules/vscode-languageclient/lib/common/client.js:1133:19)
	at process.processTicksAndRejections (node:internal/process/task_queues:95:5)
	at async LanguageClient.sendNotification (/home/melinda/.vscode/extensions/svelte.svelte-vscode-109.8.1/node_modules/vscode-languageclient/lib/common/client.js:431:28)
2025-05-31 01:02:38.243 [error] Error: Starting server failed
	at LanguageClient.$start (/home/melinda/.vscode/extensions/svelte.svelte-vscode-109.8.1/node_modules/vscode-languageclient/lib/common/client.js:1133:19)
	at process.processTicksAndRejections (node:internal/process/task_queues:95:5)
	at async LanguageClient.sendNotification (/home/melinda/.vscode/extensions/svelte.svelte-vscode-109.8.1/node_modules/vscode-languageclient/lib/common/client.js:431:28)
2025-05-31 01:05:15.154 [info] ExtensionService#_doActivateExtension vscode.css-language-features, startup: false, activationEvent: 'onLanguage:scss'
2025-05-31 01:13:48.584 [error] Error: Starting server failed
	at LanguageClient.$start (/home/melinda/.vscode/extensions/svelte.svelte-vscode-109.8.1/node_modules/vscode-languageclient/lib/common/client.js:1133:19)
	at process.processTicksAndRejections (node:internal/process/task_queues:95:5)
	at async LanguageClient.sendNotification (/home/melinda/.vscode/extensions/svelte.svelte-vscode-109.8.1/node_modules/vscode-languageclient/lib/common/client.js:431:28)
2025-05-31 01:14:04.492 [error] Error: Starting server failed
	at LanguageClient.$start (/home/melinda/.vscode/extensions/svelte.svelte-vscode-109.8.1/node_modules/vscode-languageclient/lib/common/client.js:1133:19)
	at process.processTicksAndRejections (node:internal/process/task_queues:95:5)
	at async LanguageClient.sendNotification (/home/melinda/.vscode/extensions/svelte.svelte-vscode-109.8.1/node_modules/vscode-languageclient/lib/common/client.js:431:28)
2025-05-31 01:18:07.156 [error] Error: Starting server failed
	at LanguageClient.$start (/home/melinda/.vscode/extensions/svelte.svelte-vscode-109.8.1/node_modules/vscode-languageclient/lib/common/client.js:1133:19)
	at process.processTicksAndRejections (node:internal/process/task_queues:95:5)
	at async LanguageClient.sendNotification (/home/melinda/.vscode/extensions/svelte.svelte-vscode-109.8.1/node_modules/vscode-languageclient/lib/common/client.js:431:28)
2025-05-31 01:20:44.994 [error] Error: Starting server failed
	at LanguageClient.$start (/home/melinda/.vscode/extensions/svelte.svelte-vscode-109.8.1/node_modules/vscode-languageclient/lib/common/client.js:1133:19)
	at process.processTicksAndRejections (node:internal/process/task_queues:95:5)
	at async LanguageClient.sendNotification (/home/melinda/.vscode/extensions/svelte.svelte-vscode-109.8.1/node_modules/vscode-languageclient/lib/common/client.js:431:28)
2025-05-31 01:20:45.945 [error] Error: Starting server failed
	at LanguageClient.$start (/home/melinda/.vscode/extensions/svelte.svelte-vscode-109.8.1/node_modules/vscode-languageclient/lib/common/client.js:1133:19)
	at process.processTicksAndRejections (node:internal/process/task_queues:95:5)
	at async LanguageClient.sendNotification (/home/melinda/.vscode/extensions/svelte.svelte-vscode-109.8.1/node_modules/vscode-languageclient/lib/common/client.js:431:28)
2025-05-31 01:23:34.898 [error] Error: Starting server failed
	at LanguageClient.$start (/home/melinda/.vscode/extensions/svelte.svelte-vscode-109.8.1/node_modules/vscode-languageclient/lib/common/client.js:1133:19)
	at process.processTicksAndRejections (node:internal/process/task_queues:95:5)
	at async LanguageClient.sendNotification (/home/melinda/.vscode/extensions/svelte.svelte-vscode-109.8.1/node_modules/vscode-languageclient/lib/common/client.js:431:28)
2025-05-31 01:28:04.314 [error] Error: Starting server failed
	at LanguageClient.$start (/home/melinda/.vscode/extensions/svelte.svelte-vscode-109.8.1/node_modules/vscode-languageclient/lib/common/client.js:1133:19)
	at process.processTicksAndRejections (node:internal/process/task_queues:95:5)
	at async LanguageClient.sendNotification (/home/melinda/.vscode/extensions/svelte.svelte-vscode-109.8.1/node_modules/vscode-languageclient/lib/common/client.js:431:28)
2025-05-31 01:36:35.245 [error] [svelte.svelte-vscode] provider FAILED
2025-05-31 01:36:35.245 [error] Error: Request textDocument/codeLens failed with message: Cannot read properties of undefined (reading 'filter')
	at handleResponse (/home/melinda/.vscode/extensions/svelte.svelte-vscode-109.8.1/node_modules/vscode-jsonrpc/lib/common/connection.js:565:48)
	at handleMessage (/home/melinda/.vscode/extensions/svelte.svelte-vscode-109.8.1/node_modules/vscode-jsonrpc/lib/common/connection.js:345:13)
	at processMessageQueue (/home/melinda/.vscode/extensions/svelte.svelte-vscode-109.8.1/node_modules/vscode-jsonrpc/lib/common/connection.js:362:17)
	at Immediate.<anonymous> (/home/melinda/.vscode/extensions/svelte.svelte-vscode-109.8.1/node_modules/vscode-jsonrpc/lib/common/connection.js:334:13)
	at process.processImmediate (node:internal/timers:483:21)
