2025-05-31 02:38:18.286 [info] [main] Log level: Info
2025-05-31 02:38:18.286 [info] [main] Validating found git in: "git"
2025-05-31 02:38:18.286 [info] [main] Using git "2.49.0" from "git"
2025-05-31 02:38:18.286 [info] [Model][doInitialScan] Initial repository scan started
2025-05-31 02:38:18.286 [info] > git rev-parse --show-toplevel [5ms]
2025-05-31 02:38:18.286 [info] > git rev-parse --git-dir --git-common-dir [2ms]
2025-05-31 02:38:18.286 [info] [Model][openRepository] Opened repository (path): /home/melinda/src/site.old
2025-05-31 02:38:18.286 [info] [Model][openRepository] Opened repository (real path): /home/melinda/src/site.old
2025-05-31 02:38:18.299 [info] > git rev-parse --show-toplevel [4ms]
2025-05-31 02:38:18.299 [info] > git config --get commit.template [8ms]
2025-05-31 02:38:18.316 [info] > git rev-parse --show-toplevel [9ms]
2025-05-31 02:38:18.323 [info] > git for-each-ref --format=%(refname)%00%(upstream:short)%00%(objectname)%00%(upstream:track)%00%(upstream:remotename)%00%(upstream:remoteref) refs/heads/main refs/remotes/main [8ms]
2025-05-31 02:38:18.398 [info] > git rev-parse --show-toplevel [76ms]
2025-05-31 02:38:18.445 [info] > git rev-parse --show-toplevel [5ms]
2025-05-31 02:38:18.446 [info] [Model][doInitialScan] Initial repository scan completed - repositories (1), closed repositories (0), parent repositories (0), unsafe repositories (0)
2025-05-31 02:38:18.584 [info] > git status -z -uall [51ms]
2025-05-31 02:38:18.584 [info] > git for-each-ref --sort -committerdate --format %(refname)%00%(objectname)%00%(*objectname) [43ms]
2025-05-31 02:38:18.620 [info] > git for-each-ref --format=%(refname)%00%(upstream:short)%00%(objectname)%00%(upstream:track)%00%(upstream:remotename)%00%(upstream:remoteref) refs/heads/main refs/remotes/main [23ms]
2025-05-31 02:38:18.629 [info] > git config --get --local branch.main.vscode-merge-base [2ms]
2025-05-31 02:38:18.629 [warning] [Git][config] git config failed: Failed to execute git
2025-05-31 02:38:18.637 [info] > git config --get commit.template [20ms]
2025-05-31 02:38:18.694 [info] > git reflog main --grep-reflog=branch: Created from *. [57ms]
2025-05-31 02:38:18.719 [info] > git show --textconv :src/lib/scss/_variables.scss [6ms]
2025-05-31 02:38:18.720 [info] > git for-each-ref --format=%(refname)%00%(upstream:short)%00%(objectname)%00%(upstream:track)%00%(upstream:remotename)%00%(upstream:remoteref) refs/heads/master refs/remotes/master [17ms]
2025-05-31 02:38:18.720 [warning] [Git][getBranch] No such branch: master
2025-05-31 02:38:18.725 [info] > git for-each-ref --format=%(refname)%00%(upstream:short)%00%(objectname)%00%(upstream:track)%00%(upstream:remotename)%00%(upstream:remoteref) refs/heads/main refs/remotes/main [31ms]
2025-05-31 02:38:18.726 [info] > git symbolic-ref --short refs/remotes/origin/HEAD [2ms]
2025-05-31 02:38:18.731 [info] > git ls-files --stage -- src/lib/scss/_variables.scss [13ms]
2025-05-31 02:38:18.737 [info] > git for-each-ref --format=%(refname)%00%(upstream:short)%00%(objectname)%00%(upstream:track)%00%(upstream:remotename)%00%(upstream:remoteref) refs/heads/origin/master refs/remotes/origin/master [6ms]
2025-05-31 02:38:18.737 [warning] [Git][getBranch] No such branch: origin/master
2025-05-31 02:38:18.737 [warning] [Repository][getDefaultBranch] Failed to get default branch details: No such branch: origin/master..
2025-05-31 02:38:18.745 [info] > git cat-file -s a98ad1847cc700a1a677c66d8ce35e278f444fdd [9ms]
2025-05-31 02:38:18.763 [info] > git merge-base refs/heads/main refs/remotes/origin/main [21ms]
2025-05-31 02:38:18.774 [info] > git status -z -uall [23ms]
2025-05-31 02:38:18.774 [info] > git for-each-ref --sort -committerdate --format %(refname)%00%(objectname)%00%(*objectname) [12ms]
2025-05-31 02:38:18.821 [info] > git merge-base refs/heads/main refs/remotes/origin/main [37ms]
2025-05-31 02:38:18.828 [info] > git diff --name-status -z --diff-filter=ADMR f3b6310c1e76ce3e211d214704587cd0957bfa2d...refs/remotes/origin/main [55ms]
2025-05-31 02:38:18.840 [info] > git check-ignore -v -z --stdin [5ms]
2025-05-31 02:38:18.841 [info] > git diff --name-status -z --diff-filter=ADMR f3b6310c1e76ce3e211d214704587cd0957bfa2d...refs/remotes/origin/main [13ms]
2025-05-31 02:38:18.863 [info] > git blame --root --incremental e90b3ec4ab97c51e86ab8d9bb30d7b26b558267a -- src/lib/scss/_variables.scss [9ms]
2025-05-31 02:38:25.860 [info] > git show --textconv :src/lib/components/CrtLines.svelte [18ms]
2025-05-31 02:38:25.861 [info] > git ls-files --stage -- src/lib/components/CrtLines.svelte [9ms]
2025-05-31 02:38:25.871 [info] > git cat-file -s ac8fd0faeb94e4d3a77b73a1dbc38d410c6c3c8c [2ms]
2025-05-31 02:38:26.252 [info] > git blame --root --incremental e90b3ec4ab97c51e86ab8d9bb30d7b26b558267a -- src/lib/components/CrtLines.svelte [4ms]
2025-05-31 02:38:28.092 [info] > git config --get commit.template [1ms]
2025-05-31 02:38:28.097 [info] > git for-each-ref --format=%(refname)%00%(upstream:short)%00%(objectname)%00%(upstream:track)%00%(upstream:remotename)%00%(upstream:remoteref) refs/heads/main refs/remotes/main [1ms]
2025-05-31 02:38:28.106 [info] > git status -z -uall [5ms]
2025-05-31 02:38:28.107 [info] > git for-each-ref --sort -committerdate --format %(refname)%00%(objectname)%00%(*objectname) [1ms]
2025-05-31 02:38:37.932 [info] > git config --get commit.template [7ms]
2025-05-31 02:38:37.933 [info] > git for-each-ref --format=%(refname)%00%(upstream:short)%00%(objectname)%00%(upstream:track)%00%(upstream:remotename)%00%(upstream:remoteref) refs/heads/main refs/remotes/main [2ms]
2025-05-31 02:38:37.948 [info] > git status -z -uall [9ms]
2025-05-31 02:38:37.949 [info] > git for-each-ref --sort -committerdate --format %(refname)%00%(objectname)%00%(*objectname) [1ms]
2025-05-31 02:38:38.766 [info] > git show --textconv :src/lib/components/Entry.svelte [7ms]
2025-05-31 02:38:38.767 [info] > git ls-files --stage -- src/lib/components/Entry.svelte [2ms]
2025-05-31 02:38:38.774 [info] > git cat-file -s 809e670375126415453bb0627d198459d56e68a8 [2ms]
2025-05-31 02:38:38.803 [info] > git blame --root --incremental e90b3ec4ab97c51e86ab8d9bb30d7b26b558267a -- src/lib/components/Entry.svelte [4ms]
2025-05-31 02:38:44.285 [info] > git show --textconv :src/lib/components/GridItem.svelte [9ms]
2025-05-31 02:38:44.286 [info] > git ls-files --stage -- src/lib/components/GridItem.svelte [2ms]
2025-05-31 02:38:44.293 [info] > git cat-file -s 20c174c4d1eda4094329721b5c000b0fe83b592c [2ms]
2025-05-31 02:38:44.306 [info] > git blame --root --incremental e90b3ec4ab97c51e86ab8d9bb30d7b26b558267a -- src/lib/components/GridItem.svelte [3ms]
2025-05-31 02:38:58.492 [info] > git config --get commit.template [7ms]
2025-05-31 02:38:58.492 [info] > git for-each-ref --format=%(refname)%00%(upstream:short)%00%(objectname)%00%(upstream:track)%00%(upstream:remotename)%00%(upstream:remoteref) refs/heads/main refs/remotes/main [1ms]
2025-05-31 02:38:58.503 [info] > git status -z -uall [6ms]
2025-05-31 02:38:58.504 [info] > git for-each-ref --sort -committerdate --format %(refname)%00%(objectname)%00%(*objectname) [1ms]
2025-05-31 02:39:07.178 [info] > git config --get commit.template [1ms]
2025-05-31 02:39:07.183 [info] > git for-each-ref --format=%(refname)%00%(upstream:short)%00%(objectname)%00%(upstream:track)%00%(upstream:remotename)%00%(upstream:remoteref) refs/heads/main refs/remotes/main [0ms]
2025-05-31 02:39:07.194 [info] > git status -z -uall [5ms]
2025-05-31 02:39:07.195 [info] > git for-each-ref --sort -committerdate --format %(refname)%00%(objectname)%00%(*objectname) [1ms]
2025-05-31 02:39:15.201 [info] > git config --get commit.template [16ms]
2025-05-31 02:39:15.203 [info] > git for-each-ref --format=%(refname)%00%(upstream:short)%00%(objectname)%00%(upstream:track)%00%(upstream:remotename)%00%(upstream:remoteref) refs/heads/main refs/remotes/main [3ms]
2025-05-31 02:39:15.232 [info] > git status -z -uall [13ms]
2025-05-31 02:39:15.233 [info] > git for-each-ref --sort -committerdate --format %(refname)%00%(objectname)%00%(*objectname) [2ms]
2025-05-31 02:39:40.965 [info] > git config --get commit.template [10ms]
2025-05-31 02:39:40.965 [info] > git for-each-ref --format=%(refname)%00%(upstream:short)%00%(objectname)%00%(upstream:track)%00%(upstream:remotename)%00%(upstream:remoteref) refs/heads/main refs/remotes/main [1ms]
2025-05-31 02:39:40.980 [info] > git status -z -uall [7ms]
2025-05-31 02:39:40.981 [info] > git for-each-ref --sort -committerdate --format %(refname)%00%(objectname)%00%(*objectname) [2ms]
2025-05-31 02:39:43.034 [info] > git show --textconv :src/lib/components/Header.svelte [9ms]
2025-05-31 02:39:43.036 [info] > git ls-files --stage -- src/lib/components/Header.svelte [2ms]
2025-05-31 02:39:43.044 [info] > git cat-file -s 10c68da57f8d628dd79e2a09ba24c54b681f02e3 [0ms]
2025-05-31 02:39:43.077 [info] > git blame --root --incremental e90b3ec4ab97c51e86ab8d9bb30d7b26b558267a -- src/lib/components/Header.svelte [3ms]
2025-05-31 02:39:49.098 [info] > git show --textconv :src/lib/components/LinkEntry.svelte [7ms]
2025-05-31 02:39:49.099 [info] > git ls-files --stage -- src/lib/components/LinkEntry.svelte [1ms]
2025-05-31 02:39:49.106 [info] > git cat-file -s 4693dbb0c7b1174424af9a45ed670a66b9344a6a [1ms]
2025-05-31 02:39:49.120 [info] > git blame --root --incremental e90b3ec4ab97c51e86ab8d9bb30d7b26b558267a -- src/lib/components/LinkEntry.svelte [3ms]
2025-05-31 02:39:49.541 [info] > git show --textconv :src/lib/components/GridItem.svelte [8ms]
2025-05-31 02:39:49.542 [info] > git ls-files --stage -- src/lib/components/GridItem.svelte [1ms]
2025-05-31 02:39:49.553 [info] > git cat-file -s 20c174c4d1eda4094329721b5c000b0fe83b592c [2ms]
2025-05-31 02:39:51.807 [info] > git show --textconv :src/lib/components/Header.svelte [7ms]
2025-05-31 02:39:51.808 [info] > git ls-files --stage -- src/lib/components/Header.svelte [2ms]
2025-05-31 02:39:51.814 [info] > git cat-file -s 10c68da57f8d628dd79e2a09ba24c54b681f02e3 [1ms]
2025-05-31 02:39:52.384 [info] > git show --textconv :src/lib/components/LinkEntry.svelte [6ms]
2025-05-31 02:39:52.385 [info] > git ls-files --stage -- src/lib/components/LinkEntry.svelte [2ms]
2025-05-31 02:39:52.391 [info] > git cat-file -s 4693dbb0c7b1174424af9a45ed670a66b9344a6a [1ms]
2025-05-31 02:41:27.932 [info] > git config --get commit.template [12ms]
2025-05-31 02:41:27.933 [info] > git for-each-ref --format=%(refname)%00%(upstream:short)%00%(objectname)%00%(upstream:track)%00%(upstream:remotename)%00%(upstream:remoteref) refs/heads/main refs/remotes/main [2ms]
2025-05-31 02:41:27.962 [info] > git status -z -uall [12ms]
2025-05-31 02:41:27.964 [info] > git for-each-ref --sort -committerdate --format %(refname)%00%(objectname)%00%(*objectname) [3ms]
2025-05-31 02:41:37.612 [info] > git config --get commit.template [11ms]
2025-05-31 02:41:37.613 [info] > git for-each-ref --format=%(refname)%00%(upstream:short)%00%(objectname)%00%(upstream:track)%00%(upstream:remotename)%00%(upstream:remoteref) refs/heads/main refs/remotes/main [2ms]
2025-05-31 02:41:37.637 [info] > git status -z -uall [12ms]
2025-05-31 02:41:37.638 [info] > git for-each-ref --sort -committerdate --format %(refname)%00%(objectname)%00%(*objectname) [1ms]
2025-05-31 02:42:14.125 [info] > git show --textconv :src/lib/components/Navigation.svelte [6ms]
2025-05-31 02:42:14.126 [info] > git ls-files --stage -- src/lib/components/Navigation.svelte [1ms]
2025-05-31 02:42:14.134 [info] > git cat-file -s 3588f6e997df354e58b004dadaac4b922fe2f697 [1ms]
2025-05-31 02:42:14.162 [info] > git blame --root --incremental e90b3ec4ab97c51e86ab8d9bb30d7b26b558267a -- src/lib/components/Navigation.svelte [4ms]
2025-05-31 02:42:44.255 [info] > git config --get commit.template [6ms]
2025-05-31 02:42:44.255 [info] > git for-each-ref --format=%(refname)%00%(upstream:short)%00%(objectname)%00%(upstream:track)%00%(upstream:remotename)%00%(upstream:remoteref) refs/heads/main refs/remotes/main [1ms]
2025-05-31 02:42:44.264 [info] > git status -z -uall [5ms]
2025-05-31 02:42:44.265 [info] > git for-each-ref --sort -committerdate --format %(refname)%00%(objectname)%00%(*objectname) [1ms]
2025-05-31 02:43:11.064 [info] > git config --get commit.template [1ms]
2025-05-31 02:43:11.071 [info] > git for-each-ref --format=%(refname)%00%(upstream:short)%00%(objectname)%00%(upstream:track)%00%(upstream:remotename)%00%(upstream:remoteref) refs/heads/main refs/remotes/main [2ms]
2025-05-31 02:43:11.081 [info] > git status -z -uall [6ms]
2025-05-31 02:43:11.082 [info] > git for-each-ref --sort -committerdate --format %(refname)%00%(objectname)%00%(*objectname) [2ms]
2025-05-31 02:43:24.345 [info] > git config --get commit.template [6ms]
2025-05-31 02:43:24.346 [info] > git for-each-ref --format=%(refname)%00%(upstream:short)%00%(objectname)%00%(upstream:track)%00%(upstream:remotename)%00%(upstream:remoteref) refs/heads/main refs/remotes/main [1ms]
2025-05-31 02:43:24.357 [info] > git status -z -uall [5ms]
2025-05-31 02:43:24.357 [info] > git for-each-ref --sort -committerdate --format %(refname)%00%(objectname)%00%(*objectname) [1ms]
2025-05-31 02:43:35.804 [info] > git check-ignore -v -z --stdin [1ms]
2025-05-31 02:43:37.262 [info] > git check-ignore -v -z --stdin [1ms]
2025-05-31 02:43:37.676 [info] > git show --textconv :src/routes/+layout.svelte [11ms]
2025-05-31 02:43:37.677 [info] > git ls-files --stage -- src/routes/+layout.svelte [1ms]
2025-05-31 02:43:37.689 [info] > git cat-file -s 4a22ef0023e83da3b74115bee9471b069dd30a9a [2ms]
2025-05-31 02:43:37.713 [info] > git blame --root --incremental e90b3ec4ab97c51e86ab8d9bb30d7b26b558267a -- src/routes/+layout.svelte [4ms]
2025-05-31 02:43:44.575 [info] > git show --textconv :src/lib/components/Navigation.svelte [11ms]
2025-05-31 02:43:44.575 [info] > git ls-files --stage -- src/lib/components/Navigation.svelte [1ms]
2025-05-31 02:43:44.585 [info] > git cat-file -s 3588f6e997df354e58b004dadaac4b922fe2f697 [2ms]
2025-05-31 02:43:55.710 [info] > git config --get commit.template [12ms]
2025-05-31 02:43:55.711 [info] > git for-each-ref --format=%(refname)%00%(upstream:short)%00%(objectname)%00%(upstream:track)%00%(upstream:remotename)%00%(upstream:remoteref) refs/heads/main refs/remotes/main [2ms]
2025-05-31 02:43:55.735 [info] > git status -z -uall [13ms]
2025-05-31 02:43:55.736 [info] > git for-each-ref --sort -committerdate --format %(refname)%00%(objectname)%00%(*objectname) [2ms]
2025-05-31 02:43:57.570 [info] > git show --textconv :src/lib/components/Header.svelte [7ms]
2025-05-31 02:43:57.571 [info] > git ls-files --stage -- src/lib/components/Header.svelte [2ms]
2025-05-31 02:43:57.579 [info] > git cat-file -s 10c68da57f8d628dd79e2a09ba24c54b681f02e3 [2ms]
2025-05-31 02:43:58.523 [info] > git show --textconv :src/lib/components/SpotifyWidget.svelte [9ms]
2025-05-31 02:43:58.524 [info] > git ls-files --stage -- src/lib/components/SpotifyWidget.svelte [2ms]
2025-05-31 02:43:58.533 [info] > git cat-file -s 5faaadabfc0d55d3d4f663c81d547c3199fe5f25 [1ms]
2025-05-31 02:43:58.572 [info] > git blame --root --incremental e90b3ec4ab97c51e86ab8d9bb30d7b26b558267a -- src/lib/components/SpotifyWidget.svelte [4ms]
2025-05-31 02:43:59.614 [info] > git show --textconv :src/lib/components/Entry.svelte [6ms]
2025-05-31 02:43:59.615 [info] > git ls-files --stage -- src/lib/components/Entry.svelte [1ms]
2025-05-31 02:43:59.623 [info] > git cat-file -s 809e670375126415453bb0627d198459d56e68a8 [1ms]
2025-05-31 02:44:00.200 [info] > git show --textconv :src/lib/components/GridItem.svelte [7ms]
2025-05-31 02:44:00.201 [info] > git ls-files --stage -- src/lib/components/GridItem.svelte [1ms]
2025-05-31 02:44:00.207 [info] > git cat-file -s 20c174c4d1eda4094329721b5c000b0fe83b592c [1ms]
2025-05-31 02:44:01.612 [info] > git show --textconv :src/lib/components/Header.svelte [6ms]
2025-05-31 02:44:01.613 [info] > git ls-files --stage -- src/lib/components/Header.svelte [1ms]
2025-05-31 02:44:01.619 [info] > git cat-file -s 10c68da57f8d628dd79e2a09ba24c54b681f02e3 [1ms]
2025-05-31 02:44:02.716 [info] > git ls-files --stage -- src/lib/assets/icons/PlusMinusIcon.svelte [1ms]
2025-05-31 02:44:02.726 [info] > git show --textconv :src/lib/assets/icons/PlusMinusIcon.svelte [18ms]
2025-05-31 02:44:02.726 [info] > git cat-file -s 84829233deaadafa48e24c9e7ecfba9a29e8b40c [5ms]
2025-05-31 02:44:02.739 [info] > git blame --root --incremental e90b3ec4ab97c51e86ab8d9bb30d7b26b558267a -- src/lib/assets/icons/PlusMinusIcon.svelte [2ms]
2025-05-31 02:44:04.401 [info] > git show --textconv :src/lib/assets/icons/FolderIcon.svelte [8ms]
2025-05-31 02:44:04.402 [info] > git ls-files --stage -- src/lib/assets/icons/FolderIcon.svelte [1ms]
2025-05-31 02:44:04.408 [info] > git cat-file -s cc679e95c6a6d4641422b78a04a6a1ec77e8c2c7 [1ms]
2025-05-31 02:44:04.421 [info] > git blame --root --incremental e90b3ec4ab97c51e86ab8d9bb30d7b26b558267a -- src/lib/assets/icons/FolderIcon.svelte [2ms]
2025-05-31 02:44:05.522 [info] > git show --textconv :src/lib/assets/icons/Checkbox.svelte [6ms]
2025-05-31 02:44:05.523 [info] > git ls-files --stage -- src/lib/assets/icons/Checkbox.svelte [2ms]
2025-05-31 02:44:05.530 [info] > git cat-file -s e4f62965f5d998a63c2957a6927f4896d7c153f7 [2ms]
2025-05-31 02:44:05.540 [info] > git blame --root --incremental e90b3ec4ab97c51e86ab8d9bb30d7b26b558267a -- src/lib/assets/icons/Checkbox.svelte [2ms]
2025-05-31 02:44:06.250 [info] > git show --textconv :src/lib/assets/icons/FolderIcon.svelte [7ms]
2025-05-31 02:44:06.251 [info] > git ls-files --stage -- src/lib/assets/icons/FolderIcon.svelte [1ms]
2025-05-31 02:44:06.258 [info] > git cat-file -s cc679e95c6a6d4641422b78a04a6a1ec77e8c2c7 [1ms]
2025-05-31 02:44:07.738 [info] > git show --textconv :src/lib/assets/icons/PlusMinusIcon.svelte [11ms]
2025-05-31 02:44:07.738 [info] > git ls-files --stage -- src/lib/assets/icons/PlusMinusIcon.svelte [1ms]
2025-05-31 02:44:07.749 [info] > git cat-file -s 84829233deaadafa48e24c9e7ecfba9a29e8b40c [2ms]
2025-05-31 02:44:08.136 [info] > git config --get commit.template [7ms]
2025-05-31 02:44:08.137 [info] > git for-each-ref --format=%(refname)%00%(upstream:short)%00%(objectname)%00%(upstream:track)%00%(upstream:remotename)%00%(upstream:remoteref) refs/heads/main refs/remotes/main [2ms]
2025-05-31 02:44:08.150 [info] > git status -z -uall [8ms]
2025-05-31 02:44:08.150 [info] > git for-each-ref --sort -committerdate --format %(refname)%00%(objectname)%00%(*objectname) [2ms]
2025-05-31 02:44:23.250 [info] > git for-each-ref --format=%(refname)%00%(upstream:short)%00%(objectname)%00%(upstream:track)%00%(upstream:remotename)%00%(upstream:remoteref) refs/heads/main refs/remotes/main [2ms]
2025-05-31 02:44:23.250 [info] > git config --get commit.template [15ms]
2025-05-31 02:44:23.272 [info] > git status -z -uall [8ms]
2025-05-31 02:44:23.272 [info] > git for-each-ref --sort -committerdate --format %(refname)%00%(objectname)%00%(*objectname) [1ms]
2025-05-31 02:45:14.092 [info] > git show --textconv :src/lib/components/Entry.svelte [10ms]
2025-05-31 02:45:14.093 [info] > git ls-files --stage -- src/lib/components/Entry.svelte [2ms]
2025-05-31 02:45:14.103 [info] > git cat-file -s 809e670375126415453bb0627d198459d56e68a8 [1ms]
2025-05-31 02:45:20.743 [info] > git config --get commit.template [12ms]
2025-05-31 02:45:20.743 [info] > git for-each-ref --format=%(refname)%00%(upstream:short)%00%(objectname)%00%(upstream:track)%00%(upstream:remotename)%00%(upstream:remoteref) refs/heads/main refs/remotes/main [2ms]
2025-05-31 02:45:20.768 [info] > git status -z -uall [12ms]
2025-05-31 02:45:20.768 [info] > git for-each-ref --sort -committerdate --format %(refname)%00%(objectname)%00%(*objectname) [1ms]
2025-05-31 02:45:21.936 [info] > git show --textconv :src/lib/components/GridItem.svelte [11ms]
2025-05-31 02:45:21.936 [info] > git ls-files --stage -- src/lib/components/GridItem.svelte [1ms]
2025-05-31 02:45:21.945 [info] > git cat-file -s 20c174c4d1eda4094329721b5c000b0fe83b592c [1ms]
2025-05-31 02:46:23.481 [info] > git show --textconv :src/lib/components/Entry.svelte [8ms]
2025-05-31 02:46:23.482 [info] > git ls-files --stage -- src/lib/components/Entry.svelte [2ms]
2025-05-31 02:46:23.490 [info] > git cat-file -s 809e670375126415453bb0627d198459d56e68a8 [1ms]
2025-05-31 02:47:10.801 [info] > git config --get commit.template [15ms]
2025-05-31 02:47:10.803 [info] > git for-each-ref --format=%(refname)%00%(upstream:short)%00%(objectname)%00%(upstream:track)%00%(upstream:remotename)%00%(upstream:remoteref) refs/heads/main refs/remotes/main [3ms]
2025-05-31 02:47:10.831 [info] > git status -z -uall [14ms]
2025-05-31 02:47:10.832 [info] > git for-each-ref --sort -committerdate --format %(refname)%00%(objectname)%00%(*objectname) [2ms]
2025-05-31 02:47:19.720 [info] > git config --get commit.template [14ms]
2025-05-31 02:47:19.720 [info] > git for-each-ref --format=%(refname)%00%(upstream:short)%00%(objectname)%00%(upstream:track)%00%(upstream:remotename)%00%(upstream:remoteref) refs/heads/main refs/remotes/main [1ms]
2025-05-31 02:47:19.741 [info] > git status -z -uall [10ms]
2025-05-31 02:47:19.742 [info] > git for-each-ref --sort -committerdate --format %(refname)%00%(objectname)%00%(*objectname) [1ms]
2025-05-31 02:47:24.758 [info] > git config --get commit.template [6ms]
2025-05-31 02:47:24.759 [info] > git for-each-ref --format=%(refname)%00%(upstream:short)%00%(objectname)%00%(upstream:track)%00%(upstream:remotename)%00%(upstream:remoteref) refs/heads/main refs/remotes/main [1ms]
2025-05-31 02:47:24.768 [info] > git status -z -uall [5ms]
2025-05-31 02:47:24.769 [info] > git for-each-ref --sort -committerdate --format %(refname)%00%(objectname)%00%(*objectname) [1ms]
2025-05-31 02:47:42.172 [info] > git config --get commit.template [14ms]
2025-05-31 02:47:42.173 [info] > git for-each-ref --format=%(refname)%00%(upstream:short)%00%(objectname)%00%(upstream:track)%00%(upstream:remotename)%00%(upstream:remoteref) refs/heads/main refs/remotes/main [2ms]
2025-05-31 02:47:42.195 [info] > git status -z -uall [9ms]
2025-05-31 02:47:42.195 [info] > git for-each-ref --sort -committerdate --format %(refname)%00%(objectname)%00%(*objectname) [1ms]
2025-05-31 02:48:45.398 [info] > git config --get commit.template [10ms]
2025-05-31 02:48:45.399 [info] > git for-each-ref --format=%(refname)%00%(upstream:short)%00%(objectname)%00%(upstream:track)%00%(upstream:remotename)%00%(upstream:remoteref) refs/heads/main refs/remotes/main [2ms]
2025-05-31 02:48:45.426 [info] > git status -z -uall [14ms]
2025-05-31 02:48:45.427 [info] > git for-each-ref --sort -committerdate --format %(refname)%00%(objectname)%00%(*objectname) [2ms]
2025-05-31 02:48:46.983 [info] > git show --textconv :src/lib/components/SpotifyWidget.svelte [8ms]
2025-05-31 02:48:46.984 [info] > git ls-files --stage -- src/lib/components/SpotifyWidget.svelte [1ms]
2025-05-31 02:48:46.995 [info] > git cat-file -s 5faaadabfc0d55d3d4f663c81d547c3199fe5f25 [1ms]
2025-05-31 02:49:05.837 [info] > git for-each-ref --format=%(refname)%00%(upstream:short)%00%(objectname)%00%(upstream:track)%00%(upstream:remotename)%00%(upstream:remoteref) refs/heads/main refs/remotes/main [4ms]
2025-05-31 02:49:05.837 [info] > git config --get commit.template [15ms]
2025-05-31 02:49:05.863 [info] > git status -z -uall [12ms]
2025-05-31 02:49:05.864 [info] > git for-each-ref --sort -committerdate --format %(refname)%00%(objectname)%00%(*objectname) [2ms]
2025-05-31 02:49:14.301 [info] > git config --get commit.template [10ms]
2025-05-31 02:49:14.303 [info] > git for-each-ref --format=%(refname)%00%(upstream:short)%00%(objectname)%00%(upstream:track)%00%(upstream:remotename)%00%(upstream:remoteref) refs/heads/main refs/remotes/main [3ms]
2025-05-31 02:49:14.328 [info] > git status -z -uall [12ms]
2025-05-31 02:49:14.329 [info] > git for-each-ref --sort -committerdate --format %(refname)%00%(objectname)%00%(*objectname) [2ms]
2025-05-31 02:49:38.128 [info] > git config --get commit.template [10ms]
2025-05-31 02:49:38.129 [info] > git for-each-ref --format=%(refname)%00%(upstream:short)%00%(objectname)%00%(upstream:track)%00%(upstream:remotename)%00%(upstream:remoteref) refs/heads/main refs/remotes/main [1ms]
2025-05-31 02:49:38.152 [info] > git status -z -uall [12ms]
2025-05-31 02:49:38.154 [info] > git for-each-ref --sort -committerdate --format %(refname)%00%(objectname)%00%(*objectname) [2ms]
2025-05-31 02:49:43.001 [info] > git ls-files --stage -- src/lib/scss/app.scss [1ms]
2025-05-31 02:49:43.012 [info] > git show --textconv :src/lib/scss/app.scss [22ms]
2025-05-31 02:49:43.013 [info] > git cat-file -s 00f8ee59e90d78ae7b24afeaea8ba8f79c7be3f5 [1ms]
2025-05-31 02:49:43.049 [info] > git blame --root --incremental e90b3ec4ab97c51e86ab8d9bb30d7b26b558267a -- src/lib/scss/app.scss [5ms]
2025-05-31 02:50:14.531 [info] > git show --textconv :src/routes/+page.svelte [8ms]
2025-05-31 02:50:14.532 [info] > git ls-files --stage -- src/routes/+page.svelte [1ms]
2025-05-31 02:50:14.539 [info] > git cat-file -s 2ba4cf0c1d80eae99af4665c1e6ac31aacb1f5be [0ms]
2025-05-31 02:50:14.566 [info] > git blame --root --incremental e90b3ec4ab97c51e86ab8d9bb30d7b26b558267a -- src/routes/+page.svelte [3ms]
2025-05-31 02:50:27.700 [info] > git config --get commit.template [10ms]
2025-05-31 02:50:27.701 [info] > git for-each-ref --format=%(refname)%00%(upstream:short)%00%(objectname)%00%(upstream:track)%00%(upstream:remotename)%00%(upstream:remoteref) refs/heads/main refs/remotes/main [2ms]
2025-05-31 02:50:27.724 [info] > git status -z -uall [12ms]
2025-05-31 02:50:27.725 [info] > git for-each-ref --sort -committerdate --format %(refname)%00%(objectname)%00%(*objectname) [2ms]
2025-05-31 02:50:28.500 [info] > git show --textconv :src/lib/scss/app.scss [8ms]
2025-05-31 02:50:28.501 [info] > git ls-files --stage -- src/lib/scss/app.scss [2ms]
2025-05-31 02:50:28.509 [info] > git cat-file -s 00f8ee59e90d78ae7b24afeaea8ba8f79c7be3f5 [1ms]
2025-05-31 02:50:40.737 [info] > git config --get commit.template [14ms]
2025-05-31 02:50:40.738 [info] > git for-each-ref --format=%(refname)%00%(upstream:short)%00%(objectname)%00%(upstream:track)%00%(upstream:remotename)%00%(upstream:remoteref) refs/heads/main refs/remotes/main [3ms]
2025-05-31 02:50:40.770 [info] > git status -z -uall [15ms]
2025-05-31 02:50:40.772 [info] > git for-each-ref --sort -committerdate --format %(refname)%00%(objectname)%00%(*objectname) [2ms]
2025-05-31 02:50:46.325 [info] > git show --textconv :src/routes/+page.svelte [9ms]
2025-05-31 02:50:46.326 [info] > git ls-files --stage -- src/routes/+page.svelte [2ms]
2025-05-31 02:50:46.332 [info] > git cat-file -s 2ba4cf0c1d80eae99af4665c1e6ac31aacb1f5be [1ms]
2025-05-31 02:51:00.308 [info] > git config --get commit.template [12ms]
2025-05-31 02:51:00.309 [info] > git for-each-ref --format=%(refname)%00%(upstream:short)%00%(objectname)%00%(upstream:track)%00%(upstream:remotename)%00%(upstream:remoteref) refs/heads/main refs/remotes/main [2ms]
2025-05-31 02:51:00.330 [info] > git status -z -uall [9ms]
2025-05-31 02:51:00.332 [info] > git for-each-ref --sort -committerdate --format %(refname)%00%(objectname)%00%(*objectname) [3ms]
2025-05-31 02:53:07.550 [info] > git check-ignore -v -z --stdin [1ms]
2025-05-31 02:53:11.622 [info] > git show --textconv :src/lib/scss/app.scss [11ms]
2025-05-31 02:53:11.623 [info] > git ls-files --stage -- src/lib/scss/app.scss [1ms]
2025-05-31 02:53:11.634 [info] > git cat-file -s 00f8ee59e90d78ae7b24afeaea8ba8f79c7be3f5 [1ms]
2025-05-31 02:53:55.968 [info] > git config --get commit.template [3ms]
2025-05-31 02:53:55.981 [info] > git for-each-ref --format=%(refname)%00%(upstream:short)%00%(objectname)%00%(upstream:track)%00%(upstream:remotename)%00%(upstream:remoteref) refs/heads/main refs/remotes/main [2ms]
2025-05-31 02:53:55.999 [info] > git status -z -uall [9ms]
2025-05-31 02:53:55.999 [info] > git for-each-ref --sort -committerdate --format %(refname)%00%(objectname)%00%(*objectname) [1ms]
2025-05-31 02:53:58.486 [info] > git show --textconv :src/routes/+page.svelte [7ms]
2025-05-31 02:53:58.487 [info] > git ls-files --stage -- src/routes/+page.svelte [1ms]
2025-05-31 02:53:58.494 [info] > git cat-file -s 2ba4cf0c1d80eae99af4665c1e6ac31aacb1f5be [1ms]
2025-05-31 02:54:38.779 [info] > git config --get commit.template [8ms]
2025-05-31 02:54:38.779 [info] > git for-each-ref --format=%(refname)%00%(upstream:short)%00%(objectname)%00%(upstream:track)%00%(upstream:remotename)%00%(upstream:remoteref) refs/heads/main refs/remotes/main [1ms]
2025-05-31 02:54:38.803 [info] > git status -z -uall [12ms]
2025-05-31 02:54:38.804 [info] > git for-each-ref --sort -committerdate --format %(refname)%00%(objectname)%00%(*objectname) [1ms]
2025-05-31 02:54:44.992 [info] > git config --get commit.template [5ms]
2025-05-31 02:54:44.993 [info] > git for-each-ref --format=%(refname)%00%(upstream:short)%00%(objectname)%00%(upstream:track)%00%(upstream:remotename)%00%(upstream:remoteref) refs/heads/main refs/remotes/main [1ms]
2025-05-31 02:54:45.004 [info] > git status -z -uall [5ms]
2025-05-31 02:54:45.005 [info] > git for-each-ref --sort -committerdate --format %(refname)%00%(objectname)%00%(*objectname) [1ms]
2025-05-31 02:54:46.924 [info] > git show --textconv :src/lib/scss/app.scss [6ms]
2025-05-31 02:54:46.925 [info] > git ls-files --stage -- src/lib/scss/app.scss [1ms]
2025-05-31 02:54:46.931 [info] > git cat-file -s 00f8ee59e90d78ae7b24afeaea8ba8f79c7be3f5 [1ms]
2025-05-31 02:55:00.449 [info] > git config --get commit.template [12ms]
2025-05-31 02:55:00.450 [info] > git for-each-ref --format=%(refname)%00%(upstream:short)%00%(objectname)%00%(upstream:track)%00%(upstream:remotename)%00%(upstream:remoteref) refs/heads/main refs/remotes/main [2ms]
2025-05-31 02:55:00.476 [info] > git status -z -uall [12ms]
2025-05-31 02:55:00.477 [info] > git for-each-ref --sort -committerdate --format %(refname)%00%(objectname)%00%(*objectname) [1ms]
2025-05-31 02:55:10.528 [info] > git config --get commit.template [6ms]
2025-05-31 02:55:10.529 [info] > git for-each-ref --format=%(refname)%00%(upstream:short)%00%(objectname)%00%(upstream:track)%00%(upstream:remotename)%00%(upstream:remoteref) refs/heads/main refs/remotes/main [1ms]
2025-05-31 02:55:10.540 [info] > git status -z -uall [6ms]
2025-05-31 02:55:10.541 [info] > git for-each-ref --sort -committerdate --format %(refname)%00%(objectname)%00%(*objectname) [1ms]
2025-05-31 02:55:43.419 [info] > git for-each-ref --format=%(refname)%00%(upstream:short)%00%(objectname)%00%(upstream:track)%00%(upstream:remotename)%00%(upstream:remoteref) refs/heads/main refs/remotes/main [3ms]
2025-05-31 02:55:43.420 [info] > git config --get commit.template [13ms]
2025-05-31 02:55:43.439 [info] > git status -z -uall [8ms]
2025-05-31 02:55:43.439 [info] > git for-each-ref --sort -committerdate --format %(refname)%00%(objectname)%00%(*objectname) [1ms]
2025-05-31 02:55:50.083 [info] > git show --textconv :src/lib/scss/_variables.scss [10ms]
2025-05-31 02:55:50.083 [info] > git ls-files --stage -- src/lib/scss/_variables.scss [1ms]
2025-05-31 02:55:50.095 [info] > git cat-file -s a98ad1847cc700a1a677c66d8ce35e278f444fdd [1ms]
2025-05-31 02:55:53.698 [info] > git show --textconv :src/lib/scss/app.scss [11ms]
2025-05-31 02:55:53.699 [info] > git ls-files --stage -- src/lib/scss/app.scss [2ms]
2025-05-31 02:55:53.711 [info] > git cat-file -s 00f8ee59e90d78ae7b24afeaea8ba8f79c7be3f5 [2ms]
2025-05-31 02:56:06.435 [info] > git check-ignore -v -z --stdin [2ms]
2025-05-31 02:56:06.986 [info] > git config --get commit.template [7ms]
2025-05-31 02:56:06.987 [info] > git for-each-ref --format=%(refname)%00%(upstream:short)%00%(objectname)%00%(upstream:track)%00%(upstream:remotename)%00%(upstream:remoteref) refs/heads/main refs/remotes/main [1ms]
2025-05-31 02:56:06.999 [info] > git status -z -uall [6ms]
2025-05-31 02:56:07.000 [info] > git for-each-ref --sort -committerdate --format %(refname)%00%(objectname)%00%(*objectname) [1ms]
2025-05-31 02:56:12.014 [info] > git config --get commit.template [7ms]
2025-05-31 02:56:12.014 [info] > git for-each-ref --format=%(refname)%00%(upstream:short)%00%(objectname)%00%(upstream:track)%00%(upstream:remotename)%00%(upstream:remoteref) refs/heads/main refs/remotes/main [1ms]
2025-05-31 02:56:12.027 [info] > git status -z -uall [7ms]
2025-05-31 02:56:12.028 [info] > git for-each-ref --sort -committerdate --format %(refname)%00%(objectname)%00%(*objectname) [1ms]
2025-05-31 02:56:18.910 [info] > git config --get commit.template [7ms]
2025-05-31 02:56:18.910 [info] > git for-each-ref --format=%(refname)%00%(upstream:short)%00%(objectname)%00%(upstream:track)%00%(upstream:remotename)%00%(upstream:remoteref) refs/heads/main refs/remotes/main [1ms]
2025-05-31 02:56:18.922 [info] > git status -z -uall [6ms]
2025-05-31 02:56:18.922 [info] > git for-each-ref --sort -committerdate --format %(refname)%00%(objectname)%00%(*objectname) [1ms]
2025-05-31 02:56:44.202 [info] > git config --get commit.template [13ms]
2025-05-31 02:56:44.202 [info] > git for-each-ref --format=%(refname)%00%(upstream:short)%00%(objectname)%00%(upstream:track)%00%(upstream:remotename)%00%(upstream:remoteref) refs/heads/main refs/remotes/main [2ms]
2025-05-31 02:56:44.229 [info] > git status -z -uall [13ms]
2025-05-31 02:56:44.230 [info] > git for-each-ref --sort -committerdate --format %(refname)%00%(objectname)%00%(*objectname) [2ms]
2025-05-31 02:56:49.596 [info] > git config --get commit.template [9ms]
2025-05-31 02:56:49.596 [info] > git for-each-ref --format=%(refname)%00%(upstream:short)%00%(objectname)%00%(upstream:track)%00%(upstream:remotename)%00%(upstream:remoteref) refs/heads/main refs/remotes/main [1ms]
2025-05-31 02:56:49.613 [info] > git status -z -uall [10ms]
2025-05-31 02:56:49.614 [info] > git for-each-ref --sort -committerdate --format %(refname)%00%(objectname)%00%(*objectname) [1ms]
2025-05-31 02:56:54.539 [info] > git show --textconv :src/lib/scss/_utilities.scss [9ms]
2025-05-31 02:56:54.540 [info] > git ls-files --stage -- src/lib/scss/_utilities.scss [2ms]
2025-05-31 02:56:54.547 [info] > git cat-file -s efd2a7753d4d233a4e9f358aa9b6ed91dbe82aee [1ms]
2025-05-31 02:56:54.559 [info] > git blame --root --incremental e90b3ec4ab97c51e86ab8d9bb30d7b26b558267a -- src/lib/scss/_utilities.scss [2ms]
2025-05-31 02:56:54.626 [info] > git config --get commit.template [1ms]
2025-05-31 02:56:54.633 [info] > git for-each-ref --format=%(refname)%00%(upstream:short)%00%(objectname)%00%(upstream:track)%00%(upstream:remotename)%00%(upstream:remoteref) refs/heads/main refs/remotes/main [1ms]
2025-05-31 02:56:54.645 [info] > git status -z -uall [6ms]
2025-05-31 02:56:54.646 [info] > git for-each-ref --sort -committerdate --format %(refname)%00%(objectname)%00%(*objectname) [1ms]
2025-05-31 02:56:59.659 [info] > git config --get commit.template [0ms]
2025-05-31 02:56:59.666 [info] > git for-each-ref --format=%(refname)%00%(upstream:short)%00%(objectname)%00%(upstream:track)%00%(upstream:remotename)%00%(upstream:remoteref) refs/heads/main refs/remotes/main [2ms]
2025-05-31 02:56:59.676 [info] > git status -z -uall [5ms]
2025-05-31 02:56:59.677 [info] > git for-each-ref --sort -committerdate --format %(refname)%00%(objectname)%00%(*objectname) [1ms]
2025-05-31 02:57:10.253 [info] > git config --get commit.template [2ms]
2025-05-31 02:57:10.260 [info] > git for-each-ref --format=%(refname)%00%(upstream:short)%00%(objectname)%00%(upstream:track)%00%(upstream:remotename)%00%(upstream:remoteref) refs/heads/main refs/remotes/main [2ms]
2025-05-31 02:57:10.270 [info] > git status -z -uall [5ms]
2025-05-31 02:57:10.271 [info] > git for-each-ref --sort -committerdate --format %(refname)%00%(objectname)%00%(*objectname) [1ms]
2025-05-31 02:57:13.510 [info] > git show --textconv :src/lib/scss/app.scss [11ms]
2025-05-31 02:57:13.510 [info] > git ls-files --stage -- src/lib/scss/app.scss [1ms]
2025-05-31 02:57:13.521 [info] > git cat-file -s 00f8ee59e90d78ae7b24afeaea8ba8f79c7be3f5 [2ms]
2025-05-31 02:57:21.476 [info] > git config --get commit.template [10ms]
2025-05-31 02:57:21.477 [info] > git for-each-ref --format=%(refname)%00%(upstream:short)%00%(objectname)%00%(upstream:track)%00%(upstream:remotename)%00%(upstream:remoteref) refs/heads/main refs/remotes/main [2ms]
2025-05-31 02:57:21.504 [info] > git status -z -uall [12ms]
2025-05-31 02:57:21.505 [info] > git for-each-ref --sort -committerdate --format %(refname)%00%(objectname)%00%(*objectname) [1ms]
2025-05-31 02:57:26.027 [info] > git show --textconv :src/lib/scss/_variables.scss [6ms]
2025-05-31 02:57:26.028 [info] > git ls-files --stage -- src/lib/scss/_variables.scss [1ms]
2025-05-31 02:57:26.035 [info] > git cat-file -s a98ad1847cc700a1a677c66d8ce35e278f444fdd [2ms]
2025-05-31 02:57:41.907 [info] > git show --textconv :src/lib/scss/app.scss [8ms]
2025-05-31 02:57:41.908 [info] > git ls-files --stage -- src/lib/scss/app.scss [2ms]
2025-05-31 02:57:41.916 [info] > git cat-file -s 00f8ee59e90d78ae7b24afeaea8ba8f79c7be3f5 [1ms]
2025-05-31 02:57:49.909 [info] > git show --textconv :src/lib/scss/_variables.scss [6ms]
2025-05-31 02:57:49.910 [info] > git ls-files --stage -- src/lib/scss/_variables.scss [1ms]
2025-05-31 02:57:49.917 [info] > git cat-file -s a98ad1847cc700a1a677c66d8ce35e278f444fdd [1ms]
2025-05-31 02:57:52.992 [info] > git show --textconv :src/lib/scss/app.scss [9ms]
2025-05-31 02:57:52.993 [info] > git ls-files --stage -- src/lib/scss/app.scss [3ms]
2025-05-31 02:57:53.000 [info] > git cat-file -s 00f8ee59e90d78ae7b24afeaea8ba8f79c7be3f5 [1ms]
2025-05-31 02:57:58.736 [info] > git config --get commit.template [13ms]
2025-05-31 02:57:58.736 [info] > git for-each-ref --format=%(refname)%00%(upstream:short)%00%(objectname)%00%(upstream:track)%00%(upstream:remotename)%00%(upstream:remoteref) refs/heads/main refs/remotes/main [1ms]
2025-05-31 02:57:58.761 [info] > git status -z -uall [12ms]
2025-05-31 02:57:58.762 [info] > git for-each-ref --sort -committerdate --format %(refname)%00%(objectname)%00%(*objectname) [2ms]
2025-05-31 02:57:59.539 [info] > git show --textconv :src/lib/scss/_variables.scss [7ms]
2025-05-31 02:57:59.539 [info] > git ls-files --stage -- src/lib/scss/_variables.scss [2ms]
2025-05-31 02:57:59.544 [info] > git cat-file -s a98ad1847cc700a1a677c66d8ce35e278f444fdd [1ms]
2025-05-31 02:58:00.249 [info] > git show --textconv :src/lib/scss/app.scss [11ms]
2025-05-31 02:58:00.250 [info] > git ls-files --stage -- src/lib/scss/app.scss [1ms]
2025-05-31 02:58:00.263 [info] > git cat-file -s 00f8ee59e90d78ae7b24afeaea8ba8f79c7be3f5 [1ms]
2025-05-31 02:58:13.951 [info] > git config --get commit.template [2ms]
2025-05-31 02:58:13.958 [info] > git for-each-ref --format=%(refname)%00%(upstream:short)%00%(objectname)%00%(upstream:track)%00%(upstream:remotename)%00%(upstream:remoteref) refs/heads/main refs/remotes/main [1ms]
2025-05-31 02:58:13.970 [info] > git status -z -uall [6ms]
2025-05-31 02:58:13.971 [info] > git for-each-ref --sort -committerdate --format %(refname)%00%(objectname)%00%(*objectname) [1ms]
2025-05-31 02:58:17.730 [info] > git show --textconv :src/lib/scss/_variables.scss [7ms]
2025-05-31 02:58:17.731 [info] > git ls-files --stage -- src/lib/scss/_variables.scss [2ms]
2025-05-31 02:58:17.737 [info] > git cat-file -s a98ad1847cc700a1a677c66d8ce35e278f444fdd [1ms]
2025-05-31 02:58:21.850 [info] > git show --textconv :src/lib/scss/app.scss [12ms]
2025-05-31 02:58:21.850 [info] > git ls-files --stage -- src/lib/scss/app.scss [1ms]
2025-05-31 02:58:21.862 [info] > git cat-file -s 00f8ee59e90d78ae7b24afeaea8ba8f79c7be3f5 [1ms]
2025-05-31 02:58:22.290 [info] > git config --get commit.template [8ms]
2025-05-31 02:58:22.290 [info] > git for-each-ref --format=%(refname)%00%(upstream:short)%00%(objectname)%00%(upstream:track)%00%(upstream:remotename)%00%(upstream:remoteref) refs/heads/main refs/remotes/main [1ms]
2025-05-31 02:58:22.303 [info] > git status -z -uall [7ms]
2025-05-31 02:58:22.304 [info] > git for-each-ref --sort -committerdate --format %(refname)%00%(objectname)%00%(*objectname) [1ms]
2025-05-31 02:58:27.324 [info] > git config --get commit.template [6ms]
2025-05-31 02:58:27.325 [info] > git for-each-ref --format=%(refname)%00%(upstream:short)%00%(objectname)%00%(upstream:track)%00%(upstream:remotename)%00%(upstream:remoteref) refs/heads/main refs/remotes/main [1ms]
2025-05-31 02:58:27.335 [info] > git status -z -uall [6ms]
2025-05-31 02:58:27.336 [info] > git for-each-ref --sort -committerdate --format %(refname)%00%(objectname)%00%(*objectname) [1ms]
2025-05-31 02:58:52.044 [info] > git config --get commit.template [1ms]
2025-05-31 02:58:52.050 [info] > git for-each-ref --format=%(refname)%00%(upstream:short)%00%(objectname)%00%(upstream:track)%00%(upstream:remotename)%00%(upstream:remoteref) refs/heads/main refs/remotes/main [1ms]
2025-05-31 02:58:52.063 [info] > git status -z -uall [7ms]
2025-05-31 02:58:52.064 [info] > git for-each-ref --sort -committerdate --format %(refname)%00%(objectname)%00%(*objectname) [1ms]
2025-05-31 02:58:59.158 [info] > git config --get commit.template [12ms]
2025-05-31 02:58:59.159 [info] > git for-each-ref --format=%(refname)%00%(upstream:short)%00%(objectname)%00%(upstream:track)%00%(upstream:remotename)%00%(upstream:remoteref) refs/heads/main refs/remotes/main [1ms]
2025-05-31 02:58:59.181 [info] > git status -z -uall [10ms]
2025-05-31 02:58:59.182 [info] > git for-each-ref --sort -committerdate --format %(refname)%00%(objectname)%00%(*objectname) [3ms]
2025-05-31 02:59:06.998 [info] > git show --textconv :src/lib/scss/_fonts.scss [9ms]
2025-05-31 02:59:06.999 [info] > git ls-files --stage -- src/lib/scss/_fonts.scss [2ms]
2025-05-31 02:59:07.006 [info] > git cat-file -s 5097d7fdb5a5a24b3554989b383f3ea4c83c5313 [1ms]
2025-05-31 02:59:08.052 [info] > git show --textconv :src/lib/scss/_utilities.scss [7ms]
2025-05-31 02:59:08.053 [info] > git ls-files --stage -- src/lib/scss/_utilities.scss [2ms]
2025-05-31 02:59:08.060 [info] > git cat-file -s efd2a7753d4d233a4e9f358aa9b6ed91dbe82aee [1ms]
2025-05-31 02:59:14.567 [info] > git config --get commit.template [7ms]
2025-05-31 02:59:14.567 [info] > git for-each-ref --format=%(refname)%00%(upstream:short)%00%(objectname)%00%(upstream:track)%00%(upstream:remotename)%00%(upstream:remoteref) refs/heads/main refs/remotes/main [1ms]
2025-05-31 02:59:14.578 [info] > git status -z -uall [6ms]
2025-05-31 02:59:14.579 [info] > git for-each-ref --sort -committerdate --format %(refname)%00%(objectname)%00%(*objectname) [1ms]
2025-05-31 02:59:19.602 [info] > git config --get commit.template [7ms]
2025-05-31 02:59:19.603 [info] > git for-each-ref --format=%(refname)%00%(upstream:short)%00%(objectname)%00%(upstream:track)%00%(upstream:remotename)%00%(upstream:remoteref) refs/heads/main refs/remotes/main [2ms]
2025-05-31 02:59:19.614 [info] > git status -z -uall [6ms]
2025-05-31 02:59:19.615 [info] > git for-each-ref --sort -committerdate --format %(refname)%00%(objectname)%00%(*objectname) [1ms]
2025-05-31 02:59:22.192 [info] > git show --textconv :src/lib/scss/_variables.scss [6ms]
2025-05-31 02:59:22.192 [info] > git ls-files --stage -- src/lib/scss/_variables.scss [1ms]
2025-05-31 02:59:22.198 [info] > git cat-file -s a98ad1847cc700a1a677c66d8ce35e278f444fdd [1ms]
2025-05-31 02:59:24.846 [info] > git config --get commit.template [8ms]
2025-05-31 02:59:24.846 [info] > git for-each-ref --format=%(refname)%00%(upstream:short)%00%(objectname)%00%(upstream:track)%00%(upstream:remotename)%00%(upstream:remoteref) refs/heads/main refs/remotes/main [1ms]
2025-05-31 02:59:24.860 [info] > git status -z -uall [7ms]
2025-05-31 02:59:24.860 [info] > git for-each-ref --sort -committerdate --format %(refname)%00%(objectname)%00%(*objectname) [1ms]
2025-05-31 02:59:25.250 [info] > git show --textconv :src/lib/scss/app.scss [13ms]
2025-05-31 02:59:25.251 [info] > git ls-files --stage -- src/lib/scss/app.scss [1ms]
2025-05-31 02:59:25.263 [info] > git cat-file -s 00f8ee59e90d78ae7b24afeaea8ba8f79c7be3f5 [2ms]
2025-05-31 02:59:33.641 [info] > git show --textconv :src/lib/components/SpotifyWidget.svelte [11ms]
2025-05-31 02:59:33.642 [info] > git ls-files --stage -- src/lib/components/SpotifyWidget.svelte [2ms]
2025-05-31 02:59:33.654 [info] > git cat-file -s 5faaadabfc0d55d3d4f663c81d547c3199fe5f25 [1ms]
2025-05-31 02:59:57.163 [info] > git config --get commit.template [13ms]
2025-05-31 02:59:57.165 [info] > git for-each-ref --format=%(refname)%00%(upstream:short)%00%(objectname)%00%(upstream:track)%00%(upstream:remotename)%00%(upstream:remoteref) refs/heads/main refs/remotes/main [3ms]
2025-05-31 02:59:57.189 [info] > git status -z -uall [11ms]
2025-05-31 02:59:57.190 [info] > git for-each-ref --sort -committerdate --format %(refname)%00%(objectname)%00%(*objectname) [2ms]
2025-05-31 03:00:49.253 [info] > git show --textconv :src/lib/components/Entry.svelte [5ms]
2025-05-31 03:00:49.253 [info] > git ls-files --stage -- src/lib/components/Entry.svelte [1ms]
2025-05-31 03:00:49.261 [info] > git cat-file -s 809e670375126415453bb0627d198459d56e68a8 [2ms]
2025-05-31 03:01:09.422 [info] > git show --textconv :src/lib/components/LinkEntry.svelte [16ms]
2025-05-31 03:01:09.423 [info] > git ls-files --stage -- src/lib/components/LinkEntry.svelte [2ms]
2025-05-31 03:01:09.436 [info] > git cat-file -s 4693dbb0c7b1174424af9a45ed670a66b9344a6a [2ms]
2025-05-31 03:01:21.432 [info] > git config --get commit.template [6ms]
2025-05-31 03:01:21.433 [info] > git for-each-ref --format=%(refname)%00%(upstream:short)%00%(objectname)%00%(upstream:track)%00%(upstream:remotename)%00%(upstream:remoteref) refs/heads/main refs/remotes/main [1ms]
2025-05-31 03:01:21.443 [info] > git status -z -uall [6ms]
2025-05-31 03:01:21.443 [info] > git for-each-ref --sort -committerdate --format %(refname)%00%(objectname)%00%(*objectname) [1ms]
2025-05-31 03:01:26.461 [info] > git config --get commit.template [7ms]
2025-05-31 03:01:26.462 [info] > git for-each-ref --format=%(refname)%00%(upstream:short)%00%(objectname)%00%(upstream:track)%00%(upstream:remotename)%00%(upstream:remoteref) refs/heads/main refs/remotes/main [1ms]
2025-05-31 03:01:26.473 [info] > git status -z -uall [6ms]
2025-05-31 03:01:26.474 [info] > git for-each-ref --sort -committerdate --format %(refname)%00%(objectname)%00%(*objectname) [1ms]
2025-05-31 03:01:27.530 [info] > git show --textconv :src/lib/components/LinkEntry.svelte [7ms]
2025-05-31 03:01:27.531 [info] > git ls-files --stage -- src/lib/components/LinkEntry.svelte [1ms]
2025-05-31 03:01:27.539 [info] > git cat-file -s 4693dbb0c7b1174424af9a45ed670a66b9344a6a [1ms]
2025-05-31 03:01:31.985 [info] > git config --get commit.template [18ms]
2025-05-31 03:01:31.986 [info] > git for-each-ref --format=%(refname)%00%(upstream:short)%00%(objectname)%00%(upstream:track)%00%(upstream:remotename)%00%(upstream:remoteref) refs/heads/main refs/remotes/main [2ms]
2025-05-31 03:01:32.016 [info] > git status -z -uall [15ms]
2025-05-31 03:01:32.017 [info] > git for-each-ref --sort -committerdate --format %(refname)%00%(objectname)%00%(*objectname) [2ms]
2025-05-31 03:22:34.685 [info] > git config --get commit.template [8ms]
2025-05-31 03:22:34.685 [info] > git for-each-ref --format=%(refname)%00%(upstream:short)%00%(objectname)%00%(upstream:track)%00%(upstream:remotename)%00%(upstream:remoteref) refs/heads/main refs/remotes/main [1ms]
2025-05-31 03:22:34.697 [info] > git status -z -uall [6ms]
2025-05-31 03:22:34.698 [info] > git for-each-ref --sort -committerdate --format %(refname)%00%(objectname)%00%(*objectname) [1ms]
2025-05-31 03:22:35.018 [info] > git show --textconv HEAD:src/lib/components/LinkEntry.svelte [7ms]
2025-05-31 03:22:35.019 [info] > git ls-tree -l HEAD -- src/lib/components/LinkEntry.svelte [2ms]
2025-05-31 03:22:35.749 [info] > git config --get commit.template [7ms]
2025-05-31 03:22:35.750 [info] > git for-each-ref --format=%(refname)%00%(upstream:short)%00%(objectname)%00%(upstream:track)%00%(upstream:remotename)%00%(upstream:remoteref) refs/heads/main refs/remotes/main [2ms]
2025-05-31 03:22:35.760 [info] > git status -z -uall [6ms]
2025-05-31 03:22:35.761 [info] > git for-each-ref --sort -committerdate --format %(refname)%00%(objectname)%00%(*objectname) [1ms]
2025-05-31 03:22:35.849 [info] > git ls-files --stage -- src/lib/components/LinkEntry.svelte [7ms]
2025-05-31 03:22:35.855 [info] > git ls-tree -l HEAD -- src/lib/components/LinkEntry.svelte [7ms]
2025-05-31 03:22:35.856 [info] > git cat-file -s a7f51b0eba960c5e711c45ea9f47c7e093079ce5 [1ms]
2025-05-31 03:22:35.872 [info] > git show --textconv HEAD:src/lib/components/LinkEntry.svelte [10ms]
2025-05-31 03:22:35.873 [info] > git show --textconv :src/lib/components/LinkEntry.svelte [2ms]
2025-05-31 03:22:54.841 [info] > git config --get commit.template [7ms]
2025-05-31 03:22:54.841 [info] > git for-each-ref --format=%(refname)%00%(upstream:short)%00%(objectname)%00%(upstream:track)%00%(upstream:remotename)%00%(upstream:remoteref) refs/heads/main refs/remotes/main [1ms]
2025-05-31 03:22:54.856 [info] > git status -z -uall [7ms]
2025-05-31 03:22:54.856 [info] > git for-each-ref --sort -committerdate --format %(refname)%00%(objectname)%00%(*objectname) [1ms]
2025-05-31 03:22:54.872 [info] > git blame --root --incremental 90778ec3d1d9e6ea4b6a34bc5c66f3fad69b7854 -- src/lib/components/LinkEntry.svelte [8ms]
2025-05-31 03:22:54.873 [info] > git merge-base refs/heads/main refs/remotes/origin/main [2ms]
2025-05-31 03:22:54.881 [info] > git diff --name-status -z --diff-filter=ADMR f3b6310c1e76ce3e211d214704587cd0957bfa2d...refs/remotes/origin/main [2ms]
2025-05-31 03:22:55.898 [info] > git config --get commit.template [7ms]
2025-05-31 03:22:55.898 [info] > git for-each-ref --format=%(refname)%00%(upstream:short)%00%(objectname)%00%(upstream:track)%00%(upstream:remotename)%00%(upstream:remoteref) refs/heads/main refs/remotes/main [1ms]
2025-05-31 03:22:55.913 [info] > git status -z -uall [6ms]
2025-05-31 03:22:55.914 [info] > git for-each-ref --sort -committerdate --format %(refname)%00%(objectname)%00%(*objectname) [1ms]
2025-05-31 03:22:55.991 [info] > git ls-files --stage -- src/lib/components/LinkEntry.svelte [2ms]
2025-05-31 03:22:56.003 [info] > git cat-file -s a7f51b0eba960c5e711c45ea9f47c7e093079ce5 [1ms]
2025-05-31 03:22:56.031 [info] > git show --textconv :src/lib/components/LinkEntry.svelte [1ms]
2025-05-31 03:23:03.581 [info] > git config --get commit.template [7ms]
2025-05-31 03:23:03.582 [info] > git for-each-ref --format=%(refname)%00%(upstream:short)%00%(objectname)%00%(upstream:track)%00%(upstream:remotename)%00%(upstream:remoteref) refs/heads/main refs/remotes/main [1ms]
2025-05-31 03:23:03.594 [info] > git status -z -uall [7ms]
2025-05-31 03:23:03.595 [info] > git for-each-ref --sort -committerdate --format %(refname)%00%(objectname)%00%(*objectname) [2ms]
2025-05-31 03:23:03.603 [info] > git merge-base refs/heads/main refs/remotes/origin/main [1ms]
2025-05-31 03:23:03.610 [info] > git diff --name-status -z --diff-filter=ADMR 90778ec3d1d9e6ea4b6a34bc5c66f3fad69b7854...refs/remotes/origin/main [1ms]
2025-05-31 03:26:56.464 [info] > git config --get commit.template [2ms]
2025-05-31 03:26:56.489 [info] > git for-each-ref --format=%(refname)%00%(upstream:short)%00%(objectname)%00%(upstream:track)%00%(upstream:remotename)%00%(upstream:remoteref) refs/heads/main refs/remotes/main [14ms]
2025-05-31 03:26:56.490 [info] > git ls-files --stage -- src/lib/components/LinkEntry.svelte [1ms]
2025-05-31 03:26:56.520 [info] > git status -z -uall [10ms]
2025-05-31 03:26:56.520 [info] > git cat-file -s a7f51b0eba960c5e711c45ea9f47c7e093079ce5 [20ms]
2025-05-31 03:26:56.520 [info] > git for-each-ref --sort -committerdate --format %(refname)%00%(objectname)%00%(*objectname) [1ms]
2025-05-31 03:26:56.534 [info] > git show --textconv :src/lib/components/LinkEntry.svelte [1ms]
2025-05-31 03:27:40.803 [info] > git show --textconv :src/lib/scss/_breakpoints.scss [8ms]
2025-05-31 03:27:40.804 [info] > git ls-files --stage -- src/lib/scss/_breakpoints.scss [2ms]
2025-05-31 03:27:40.812 [info] > git cat-file -s eabe9b848d1975cc813fd0ff1c36180fd141d445 [2ms]
2025-05-31 03:27:40.826 [info] > git blame --root --incremental 90778ec3d1d9e6ea4b6a34bc5c66f3fad69b7854 -- src/lib/scss/_breakpoints.scss [4ms]
2025-05-31 03:27:45.768 [info] > git config --get commit.template [1ms]
2025-05-31 03:27:45.779 [info] > git for-each-ref --format=%(refname)%00%(upstream:short)%00%(objectname)%00%(upstream:track)%00%(upstream:remotename)%00%(upstream:remoteref) refs/heads/main refs/remotes/main [1ms]
2025-05-31 03:27:45.796 [info] > git status -z -uall [7ms]
2025-05-31 03:27:45.796 [info] > git for-each-ref --sort -committerdate --format %(refname)%00%(objectname)%00%(*objectname) [1ms]
2025-05-31 03:27:45.881 [info] > git show --textconv :src/lib/scss/_fonts.scss [8ms]
2025-05-31 03:27:45.881 [info] > git ls-files --stage -- src/lib/scss/_fonts.scss [1ms]
2025-05-31 03:27:45.888 [info] > git cat-file -s 5097d7fdb5a5a24b3554989b383f3ea4c83c5313 [1ms]
2025-05-31 03:29:14.410 [info] > git ls-files --stage -- src/lib/components/Entry.svelte [1ms]
2025-05-31 03:29:14.421 [info] > git show --textconv :src/lib/components/Entry.svelte [19ms]
2025-05-31 03:29:14.422 [info] > git cat-file -s 6caf10a27204d1412a916a2c3adac44b3419efdb [1ms]
2025-05-31 03:29:14.462 [info] > git blame --root --incremental 90778ec3d1d9e6ea4b6a34bc5c66f3fad69b7854 -- src/lib/components/Entry.svelte [4ms]
2025-05-31 03:29:44.070 [info] > git config --get commit.template [6ms]
2025-05-31 03:29:44.082 [info] > git for-each-ref --format=%(refname)%00%(upstream:short)%00%(objectname)%00%(upstream:track)%00%(upstream:remotename)%00%(upstream:remoteref) refs/heads/main refs/remotes/main [13ms]
2025-05-31 03:29:44.096 [info] > git status -z -uall [6ms]
2025-05-31 03:29:44.096 [info] > git for-each-ref --sort -committerdate --format %(refname)%00%(objectname)%00%(*objectname) [1ms]
2025-05-31 03:32:48.977 [info] > git show --textconv :src/routes/+page.svelte [8ms]
2025-05-31 03:32:48.978 [info] > git ls-files --stage -- src/routes/+page.svelte [2ms]
2025-05-31 03:32:48.985 [info] > git cat-file -s b66837ad9df44b40dcd6c73a4707249c727f4c69 [1ms]
2025-05-31 03:32:49.002 [info] > git blame --root --incremental 90778ec3d1d9e6ea4b6a34bc5c66f3fad69b7854 -- src/routes/+page.svelte [6ms]
2025-05-31 03:33:00.067 [info] > git config --get commit.template [6ms]
2025-05-31 03:33:00.067 [info] > git for-each-ref --format=%(refname)%00%(upstream:short)%00%(objectname)%00%(upstream:track)%00%(upstream:remotename)%00%(upstream:remoteref) refs/heads/main refs/remotes/main [1ms]
2025-05-31 03:33:00.078 [info] > git status -z -uall [6ms]
2025-05-31 03:33:00.080 [info] > git for-each-ref --sort -committerdate --format %(refname)%00%(objectname)%00%(*objectname) [3ms]
2025-05-31 03:33:05.096 [info] > git config --get commit.template [6ms]
2025-05-31 03:33:05.097 [info] > git for-each-ref --format=%(refname)%00%(upstream:short)%00%(objectname)%00%(upstream:track)%00%(upstream:remotename)%00%(upstream:remoteref) refs/heads/main refs/remotes/main [1ms]
2025-05-31 03:33:05.108 [info] > git status -z -uall [6ms]
2025-05-31 03:33:05.109 [info] > git for-each-ref --sort -committerdate --format %(refname)%00%(objectname)%00%(*objectname) [1ms]
2025-05-31 03:33:14.973 [info] > git config --get commit.template [13ms]
2025-05-31 03:33:14.974 [info] > git for-each-ref --format=%(refname)%00%(upstream:short)%00%(objectname)%00%(upstream:track)%00%(upstream:remotename)%00%(upstream:remoteref) refs/heads/main refs/remotes/main [2ms]
2025-05-31 03:33:14.995 [info] > git status -z -uall [10ms]
2025-05-31 03:33:14.996 [info] > git for-each-ref --sort -committerdate --format %(refname)%00%(objectname)%00%(*objectname) [1ms]
2025-05-31 03:33:51.334 [info] > git config --get commit.template [16ms]
2025-05-31 03:33:51.335 [info] > git for-each-ref --format=%(refname)%00%(upstream:short)%00%(objectname)%00%(upstream:track)%00%(upstream:remotename)%00%(upstream:remoteref) refs/heads/main refs/remotes/main [2ms]
2025-05-31 03:33:51.359 [info] > git status -z -uall [10ms]
2025-05-31 03:33:51.360 [info] > git for-each-ref --sort -committerdate --format %(refname)%00%(objectname)%00%(*objectname) [1ms]
2025-05-31 03:36:36.324 [info] > git show --textconv :src/lib/components/SpotifyWidget.svelte [8ms]
2025-05-31 03:36:36.325 [info] > git ls-files --stage -- src/lib/components/SpotifyWidget.svelte [1ms]
2025-05-31 03:36:36.332 [info] > git cat-file -s 47fe93cc125788cd7e5c76eff14ab53bdcf66760 [2ms]
2025-05-31 03:36:36.350 [info] > git blame --root --incremental 90778ec3d1d9e6ea4b6a34bc5c66f3fad69b7854 -- src/lib/components/SpotifyWidget.svelte [7ms]
2025-05-31 03:36:54.874 [info] > git config --get commit.template [17ms]
2025-05-31 03:36:54.875 [info] > git for-each-ref --format=%(refname)%00%(upstream:short)%00%(objectname)%00%(upstream:track)%00%(upstream:remotename)%00%(upstream:remoteref) refs/heads/main refs/remotes/main [3ms]
2025-05-31 03:36:54.899 [info] > git status -z -uall [13ms]
2025-05-31 03:36:54.900 [info] > git for-each-ref --sort -committerdate --format %(refname)%00%(objectname)%00%(*objectname) [1ms]
2025-05-31 03:37:00.404 [info] > git config --get commit.template [13ms]
2025-05-31 03:37:00.405 [info] > git for-each-ref --format=%(refname)%00%(upstream:short)%00%(objectname)%00%(upstream:track)%00%(upstream:remotename)%00%(upstream:remoteref) refs/heads/main refs/remotes/main [1ms]
2025-05-31 03:37:00.432 [info] > git status -z -uall [14ms]
2025-05-31 03:37:00.432 [info] > git for-each-ref --sort -committerdate --format %(refname)%00%(objectname)%00%(*objectname) [2ms]
2025-05-31 03:39:56.540 [info] > git config --get commit.template [12ms]
2025-05-31 03:39:56.541 [info] > git for-each-ref --format=%(refname)%00%(upstream:short)%00%(objectname)%00%(upstream:track)%00%(upstream:remotename)%00%(upstream:remoteref) refs/heads/main refs/remotes/main [1ms]
2025-05-31 03:39:56.568 [info] > git status -z -uall [12ms]
2025-05-31 03:39:56.569 [info] > git for-each-ref --sort -committerdate --format %(refname)%00%(objectname)%00%(*objectname) [2ms]
2025-05-31 03:40:20.415 [info] > git config --get commit.template [8ms]
2025-05-31 03:40:20.415 [info] > git for-each-ref --format=%(refname)%00%(upstream:short)%00%(objectname)%00%(upstream:track)%00%(upstream:remotename)%00%(upstream:remoteref) refs/heads/main refs/remotes/main [1ms]
2025-05-31 03:40:20.431 [info] > git status -z -uall [9ms]
2025-05-31 03:40:20.432 [info] > git for-each-ref --sort -committerdate --format %(refname)%00%(objectname)%00%(*objectname) [1ms]
2025-05-31 03:40:23.639 [info] > git show --textconv :src/routes/writing/+page.svelte [8ms]
2025-05-31 03:40:23.639 [info] > git ls-files --stage -- src/routes/writing/+page.svelte [1ms]
2025-05-31 03:40:23.645 [info] > git cat-file -s 0ee45c5d75ba2893e0fb876e48104b3760e35721 [1ms]
2025-05-31 03:40:23.688 [info] > git blame --root --incremental 90778ec3d1d9e6ea4b6a34bc5c66f3fad69b7854 -- src/routes/writing/+page.svelte [32ms]
2025-05-31 03:40:25.187 [info] > git show --textconv :src/routes/+page.server.ts [12ms]
2025-05-31 03:40:25.188 [info] > git ls-files --stage -- src/routes/+page.server.ts [1ms]
2025-05-31 03:40:25.198 [info] > git cat-file -s 933cd066823aba3eae5551894be5d74b8e97b1c1 [1ms]
2025-05-31 03:40:25.209 [info] > git blame --root --incremental 90778ec3d1d9e6ea4b6a34bc5c66f3fad69b7854 -- src/routes/+page.server.ts [3ms]
2025-05-31 03:40:25.778 [info] > git show --textconv :src/routes/+page.svelte [10ms]
2025-05-31 03:40:25.778 [info] > git ls-files --stage -- src/routes/+page.svelte [1ms]
2025-05-31 03:40:25.787 [info] > git cat-file -s b66837ad9df44b40dcd6c73a4707249c727f4c69 [1ms]
2025-05-31 03:40:46.317 [info] > git config --get commit.template [16ms]
2025-05-31 03:40:46.319 [info] > git for-each-ref --format=%(refname)%00%(upstream:short)%00%(objectname)%00%(upstream:track)%00%(upstream:remotename)%00%(upstream:remoteref) refs/heads/main refs/remotes/main [3ms]
2025-05-31 03:40:46.345 [info] > git status -z -uall [11ms]
2025-05-31 03:40:46.345 [info] > git for-each-ref --sort -committerdate --format %(refname)%00%(objectname)%00%(*objectname) [1ms]
2025-05-31 03:41:32.090 [info] > git for-each-ref --format=%(refname)%00%(upstream:short)%00%(objectname)%00%(upstream:track)%00%(upstream:remotename)%00%(upstream:remoteref) refs/heads/main refs/remotes/main [2ms]
2025-05-31 03:41:32.091 [info] > git config --get commit.template [12ms]
2025-05-31 03:41:32.119 [info] > git status -z -uall [13ms]
2025-05-31 03:41:32.120 [info] > git for-each-ref --sort -committerdate --format %(refname)%00%(objectname)%00%(*objectname) [1ms]
2025-05-31 03:41:36.178 [info] > git config --get commit.template [7ms]
2025-05-31 03:41:36.179 [info] > git for-each-ref --format=%(refname)%00%(upstream:short)%00%(objectname)%00%(upstream:track)%00%(upstream:remotename)%00%(upstream:remoteref) refs/heads/main refs/remotes/main [1ms]
2025-05-31 03:41:36.196 [info] > git status -z -uall [9ms]
2025-05-31 03:41:36.197 [info] > git for-each-ref --sort -committerdate --format %(refname)%00%(objectname)%00%(*objectname) [1ms]
2025-05-31 03:41:36.517 [info] > git show --textconv HEAD:src/routes/+page.svelte [7ms]
2025-05-31 03:41:36.518 [info] > git ls-tree -l HEAD -- src/routes/+page.svelte [1ms]
2025-05-31 03:41:37.254 [info] > git config --get commit.template [8ms]
2025-05-31 03:41:37.255 [info] > git for-each-ref --format=%(refname)%00%(upstream:short)%00%(objectname)%00%(upstream:track)%00%(upstream:remotename)%00%(upstream:remoteref) refs/heads/main refs/remotes/main [2ms]
2025-05-31 03:41:37.265 [info] > git status -z -uall [6ms]
2025-05-31 03:41:37.265 [info] > git for-each-ref --sort -committerdate --format %(refname)%00%(objectname)%00%(*objectname) [1ms]
2025-05-31 03:41:37.355 [info] > git ls-files --stage -- src/routes/+page.svelte [8ms]
2025-05-31 03:41:37.368 [info] > git ls-tree -l HEAD -- src/routes/+page.svelte [13ms]
2025-05-31 03:41:37.369 [info] > git cat-file -s 2d2d8308a26954fd2960eb070adc752ba06cde29 [3ms]
2025-05-31 03:41:37.381 [info] > git show --textconv HEAD:src/routes/+page.svelte [5ms]
2025-05-31 03:41:37.382 [info] > git show --textconv :src/routes/+page.svelte [1ms]
2025-05-31 03:42:00.344 [info] > git config --get commit.template [8ms]
2025-05-31 03:42:00.344 [info] > git for-each-ref --format=%(refname)%00%(upstream:short)%00%(objectname)%00%(upstream:track)%00%(upstream:remotename)%00%(upstream:remoteref) refs/heads/main refs/remotes/main [1ms]
2025-05-31 03:42:00.360 [info] > git status -z -uall [8ms]
2025-05-31 03:42:00.360 [info] > git for-each-ref --sort -committerdate --format %(refname)%00%(objectname)%00%(*objectname) [1ms]
2025-05-31 03:42:00.376 [info] > git blame --root --incremental 45e95387fde81644d1df770840d3c1098d1bfc1b -- src/routes/+page.svelte [7ms]
2025-05-31 03:42:00.377 [info] > git merge-base refs/heads/main refs/remotes/origin/main [2ms]
2025-05-31 03:42:00.386 [info] > git diff --name-status -z --diff-filter=ADMR 90778ec3d1d9e6ea4b6a34bc5c66f3fad69b7854...refs/remotes/origin/main [1ms]
2025-05-31 03:42:01.404 [info] > git config --get commit.template [9ms]
2025-05-31 03:42:01.404 [info] > git for-each-ref --format=%(refname)%00%(upstream:short)%00%(objectname)%00%(upstream:track)%00%(upstream:remotename)%00%(upstream:remoteref) refs/heads/main refs/remotes/main [1ms]
2025-05-31 03:42:01.416 [info] > git status -z -uall [6ms]
2025-05-31 03:42:01.417 [info] > git for-each-ref --sort -committerdate --format %(refname)%00%(objectname)%00%(*objectname) [2ms]
2025-05-31 03:42:01.499 [info] > git ls-files --stage -- src/routes/+page.svelte [1ms]
2025-05-31 03:42:01.506 [info] > git cat-file -s 2d2d8308a26954fd2960eb070adc752ba06cde29 [1ms]
2025-05-31 03:42:01.515 [info] > git show --textconv :src/routes/+page.svelte [2ms]
2025-05-31 03:42:04.174 [info] > git config --get commit.template [8ms]
2025-05-31 03:42:04.174 [info] > git for-each-ref --format=%(refname)%00%(upstream:short)%00%(objectname)%00%(upstream:track)%00%(upstream:remotename)%00%(upstream:remoteref) refs/heads/main refs/remotes/main [1ms]
2025-05-31 03:42:04.188 [info] > git status -z -uall [7ms]
2025-05-31 03:42:04.189 [info] > git for-each-ref --sort -committerdate --format %(refname)%00%(objectname)%00%(*objectname) [1ms]
2025-05-31 03:42:04.198 [info] > git merge-base refs/heads/main refs/remotes/origin/main [1ms]
2025-05-31 03:42:04.204 [info] > git diff --name-status -z --diff-filter=ADMR 45e95387fde81644d1df770840d3c1098d1bfc1b...refs/remotes/origin/main [1ms]
2025-05-31 03:48:23.498 [info] > git config --get commit.template [13ms]
2025-05-31 03:48:23.499 [info] > git for-each-ref --format=%(refname)%00%(upstream:short)%00%(objectname)%00%(upstream:track)%00%(upstream:remotename)%00%(upstream:remoteref) refs/heads/main refs/remotes/main [2ms]
2025-05-31 03:48:23.525 [info] > git status -z -uall [15ms]
2025-05-31 03:48:23.538 [info] > git for-each-ref --sort -committerdate --format %(refname)%00%(objectname)%00%(*objectname) [16ms]
2025-05-31 03:48:23.540 [info] > git ls-files --stage -- src/routes/+page.svelte [2ms]
2025-05-31 03:48:23.554 [info] > git cat-file -s 2d2d8308a26954fd2960eb070adc752ba06cde29 [2ms]
2025-05-31 03:48:23.578 [info] > git show --textconv :src/routes/+page.svelte [2ms]
2025-05-31 03:52:22.461 [info] > git show --textconv :src/routes/+page.server.ts [9ms]
2025-05-31 03:52:22.461 [info] > git ls-files --stage -- src/routes/+page.server.ts [1ms]
2025-05-31 03:52:22.468 [info] > git cat-file -s 933cd066823aba3eae5551894be5d74b8e97b1c1 [1ms]
2025-05-31 03:52:22.481 [info] > git blame --root --incremental 45e95387fde81644d1df770840d3c1098d1bfc1b -- src/routes/+page.server.ts [2ms]
2025-05-31 03:52:23.057 [info] > git show --textconv :src/routes/+layout.svelte [8ms]
2025-05-31 03:52:23.057 [info] > git ls-files --stage -- src/routes/+layout.svelte [2ms]
2025-05-31 03:52:23.066 [info] > git cat-file -s bc33a20c98866c2ce8a83d20c0d8aa57177a660c [2ms]
2025-05-31 03:52:23.079 [info] > git blame --root --incremental 45e95387fde81644d1df770840d3c1098d1bfc1b -- src/routes/+layout.svelte [4ms]
2025-05-31 03:52:39.150 [info] > git config --get commit.template [7ms]
2025-05-31 03:52:39.151 [info] > git for-each-ref --format=%(refname)%00%(upstream:short)%00%(objectname)%00%(upstream:track)%00%(upstream:remotename)%00%(upstream:remoteref) refs/heads/main refs/remotes/main [2ms]
2025-05-31 03:52:39.164 [info] > git status -z -uall [7ms]
2025-05-31 03:52:39.165 [info] > git for-each-ref --sort -committerdate --format %(refname)%00%(objectname)%00%(*objectname) [1ms]
2025-05-31 03:53:24.321 [info] > git check-ignore -v -z --stdin [1ms]
2025-05-31 03:53:28.793 [info] > git config --get commit.template [8ms]
2025-05-31 03:53:28.794 [info] > git for-each-ref --format=%(refname)%00%(upstream:short)%00%(objectname)%00%(upstream:track)%00%(upstream:remotename)%00%(upstream:remoteref) refs/heads/main refs/remotes/main [1ms]
2025-05-31 03:53:28.809 [info] > git status -z -uall [8ms]
2025-05-31 03:53:28.810 [info] > git for-each-ref --sort -committerdate --format %(refname)%00%(objectname)%00%(*objectname) [1ms]
2025-05-31 03:57:59.036 [info] > git check-ignore -v -z --stdin [1ms]
2025-05-31 03:58:01.205 [info] > git check-ignore -v -z --stdin [1ms]
2025-05-31 04:04:23.805 [info] > git show --textconv :src/routes/+layout.svelte [7ms]
2025-05-31 04:04:23.806 [info] > git ls-files --stage -- src/routes/+layout.svelte [1ms]
2025-05-31 04:04:23.814 [info] > git cat-file -s bc33a20c98866c2ce8a83d20c0d8aa57177a660c [2ms]
2025-05-31 04:04:36.788 [info] > git show --textconv :src/routes/+layout.svelte [7ms]
2025-05-31 04:04:36.789 [info] > git ls-files --stage -- src/routes/+layout.svelte [1ms]
2025-05-31 04:04:36.797 [info] > git cat-file -s bc33a20c98866c2ce8a83d20c0d8aa57177a660c [1ms]
2025-05-31 04:04:45.000 [info] > git show --textconv :src/routes/+layout.svelte [7ms]
2025-05-31 04:04:45.001 [info] > git ls-files --stage -- src/routes/+layout.svelte [1ms]
2025-05-31 04:04:45.008 [info] > git cat-file -s bc33a20c98866c2ce8a83d20c0d8aa57177a660c [0ms]
