2025-05-31 00:47:51.838 [info] Extension host with pid 9969 started
2025-05-31 00:47:51.838 [info] Skipping acquiring lock for /home/melinda/.config/Code/User/workspaceStorage/88bf913228d2a2b9c8f116da068e9fcc.
2025-05-31 00:47:52.083 [info] ExtensionService#_doActivateExtension vscode.github-authentication, startup: false, activationEvent: 'onAuthenticationRequest:github'
2025-05-31 00:47:52.108 [info] ExtensionService#_doActivateExtension vscode.emmet, startup: false, activationEvent: 'onLanguage'
2025-05-31 00:47:52.123 [info] ExtensionService#_doActivateExtension svelte.svelte-vscode, startup: false, activationEvent: 'onLanguage:svelte'
2025-05-31 00:47:52.207 [info] ExtensionService#_doActivateExtension syler.sass-indented, startup: false, activationEvent: 'onLanguage:svelte'
2025-05-31 00:47:52.308 [info] ExtensionService#_doActivateExtension vscode.git-base, startup: true, activationEvent: '*', root cause: vscode.git
2025-05-31 00:47:52.312 [info] ExtensionService#_doActivateExtension vscode.npm, startup: true, activationEvent: 'workspaceContains:package.json'
2025-05-31 00:47:52.333 [info] ExtensionService#_doActivateExtension vscode.typescript-language-features, startup: false, activationEvent: 'onCommand:_typescript.configurePlugin'
2025-05-31 00:47:52.563 [info] ExtensionService#_doActivateExtension vscode.git, startup: true, activationEvent: '*'
2025-05-31 00:47:52.602 [info] ExtensionService#_doActivateExtension vscode.github, startup: true, activationEvent: '*'
2025-05-31 00:47:52.625 [info] Extension host terminating: renderer closed the MessagePort
2025-05-31 00:47:52.633 [error] ProxyResolver#resolveProxy undefined Canceled: Canceled
	at al (file:///opt/visual-studio-code/resources/app/out/vs/workbench/api/node/extensionHostProcess.js:7:1218)
	at file:///opt/visual-studio-code/resources/app/out/vs/workbench/api/node/extensionHostProcess.js:29:112989
	at Array.forEach (<anonymous>)
	at f5.dispose (file:///opt/visual-studio-code/resources/app/out/vs/workbench/api/node/extensionHostProcess.js:29:112929)
	at PJ.terminate (file:///opt/visual-studio-code/resources/app/out/vs/workbench/api/node/extensionHostProcess.js:123:10082)
	at v2.terminate (file:///opt/visual-studio-code/resources/app/out/vs/workbench/api/node/extensionHostProcess.js:124:1434)
	at us (file:///opt/visual-studio-code/resources/app/out/vs/workbench/api/node/extensionHostProcess.js:225:5702)
	at MessagePortMain.<anonymous> (file:///opt/visual-studio-code/resources/app/out/vs/workbench/api/node/extensionHostProcess.js:225:2249)
	at MessagePortMain.emit (node:events:524:28)
	at MessagePortMain._internalPort.emit (node:electron/js2c/utility_init:2:2949) 
2025-05-31 00:47:52.633 [error] Error: Client is not running and can't be stopped. It's current state is: starting
	at LanguageClient.shutdown (/home/melinda/.vscode/extensions/svelte.svelte-vscode-109.8.1/node_modules/vscode-languageclient/lib/common/client.js:964:19)
	at LanguageClient.stop (/home/melinda/.vscode/extensions/svelte.svelte-vscode-109.8.1/node_modules/vscode-languageclient/lib/common/client.js:935:21)
	at LanguageClient.stop (/home/melinda/.vscode/extensions/svelte.svelte-vscode-109.8.1/node_modules/vscode-languageclient/lib/node/main.js:150:22)
	at Object.deactivate (/home/melinda/.vscode/extensions/svelte.svelte-vscode-109.8.1/dist/src/extension.js:98:33)
	at PJ.eb (file:///opt/visual-studio-code/resources/app/out/vs/workbench/api/node/extensionHostProcess.js:123:11724)
	at file:///opt/visual-studio-code/resources/app/out/vs/workbench/api/node/extensionHostProcess.js:123:9874
	at Array.map (<anonymous>)
	at PJ.$ (file:///opt/visual-studio-code/resources/app/out/vs/workbench/api/node/extensionHostProcess.js:123:9862)
	at PJ.terminate (file:///opt/visual-studio-code/resources/app/out/vs/workbench/api/node/extensionHostProcess.js:123:10105)
	at v2.terminate (file:///opt/visual-studio-code/resources/app/out/vs/workbench/api/node/extensionHostProcess.js:124:1434)
	at us (file:///opt/visual-studio-code/resources/app/out/vs/workbench/api/node/extensionHostProcess.js:225:5702)
	at MessagePortMain.<anonymous> (file:///opt/visual-studio-code/resources/app/out/vs/workbench/api/node/extensionHostProcess.js:225:2249)
	at MessagePortMain.emit (node:events:524:28)
	at MessagePortMain._internalPort.emit (node:electron/js2c/utility_init:2:2949)
2025-05-31 00:47:52.633 [info] Extension host with pid 9969 exiting with code 0
