Initialize language server at  file:///home/melinda/src/site.old
Initialize new ts service at  /home/melinda/src/site.old/tsconfig.json
Trying to load configs for /home/melinda/src/site.old
Loaded config at  /home/melinda/src/site.old/svelte.config.js
SnapshotManager File Statistics:
Project files: 32
Svelte files: 14
From node_modules: 0
Total: 32
Reloading ts service at  /home/melinda/src/site.old/tsconfig.json  due to config updated
Trying to load configs for /home/melinda/src/site.old
SnapshotManager File Statistics:
Project files: 32
Svelte files: 14
From node_modules: 229
Total: 261
Reloading ts service at  /home/melinda/src/site.old/tsconfig.json  due to config updated
Trying to load configs for /home/melinda/src/site.old
SnapshotManager File Statistics:
Project files: 32
Svelte files: 14
From node_modules: 229
Total: 261
SnapshotManager File Statistics:
Project files: 32
Svelte files: 14
From node_modules: 229
Total: 261
SnapshotManager File Statistics:
Project files: 32
Svelte files: 14
From node_modules: 229
Total: 261
SnapshotManager File Statistics:
Project files: 32
Svelte files: 14
From node_modules: 229
Total: 261
Preprocessing failed
sass.Exception [Error]: unmatched "}".
   ╷
52 │   }
   │   ^
   ╵
  src/lib/components/Navigation.svelte.vite-preprocess.scss 52:3  root stylesheet
    at Object.wrapException (/home/melinda/src/site.old/node_modules/sass/sass.dart.js:2295:43)
    at SpanScanner.error$3$length$position (/home/melinda/src/site.old/node_modules/sass/sass.dart.js:84780:15)
    at SpanScanner.error$2$length (/home/melinda/src/site.old/node_modules/sass/sass.dart.js:84789:19)
    at ScssParser0._stylesheet0$_statement$1$root (/home/melinda/src/site.old/node_modules/sass/sass.dart.js:119419:12)
    at StylesheetParser_parse__closure0.call$0 (/home/melinda/src/site.old/node_modules/sass/sass.dart.js:122679:17)
    at ScssParser0.statements$1 (/home/melinda/src/site.old/node_modules/sass/sass.dart.js:115064:30)
    at StylesheetParser_parse_closure0.call$0 (/home/melinda/src/site.old/node_modules/sass/sass.dart.js:122665:23)
    at ScssParser0.wrapSpanFormatException$1$1 (/home/melinda/src/site.old/node_modules/sass/sass.dart.js:113737:25)
    at ScssParser0.wrapSpanFormatException$1 (/home/melinda/src/site.old/node_modules/sass/sass.dart.js:113789:19)
    at ScssParser0.parse$0 (/home/melinda/src/site.old/node_modules/sass/sass.dart.js:119384:19) {
  id: undefined,
  frame: '[sass] unmatched "}".\n' +
    '   ╷\n' +
    '52 │   }\n' +
    '   │   ^\n' +
    '   ╵\n' +
    '  src/lib/components/Navigation.svelte.vite-preprocess.scss 52:3  root stylesheet',
  line: 52,
  column: 3,
  __source: 'Style'
}
SnapshotManager File Statistics:
Project files: 32
Svelte files: 14
From node_modules: 229
Total: 261
SnapshotManager File Statistics:
Project files: 32
Svelte files: 14
From node_modules: 229
Total: 261
SnapshotManager File Statistics:
Project files: 32
Svelte files: 14
From node_modules: 229
Total: 261
Preprocessing failed
sass.Exception [Error]: expected ";".
   ╷
66 │           text-decoration: none;
   │                          ^
   ╵
  src/lib/components/SpotifyWidget.svelte.vite-preprocess.scss 66:26  root stylesheet
    at Object.wrapException (/home/melinda/src/site.old/node_modules/sass/sass.dart.js:2295:43)
    at SpanScanner.error$3$length$position (/home/melinda/src/site.old/node_modules/sass/sass.dart.js:84780:15)
    at SpanScanner._fail$1 (/home/melinda/src/site.old/node_modules/sass/sass.dart.js:84919:12)
    at SpanScanner.expectChar$2$name (/home/melinda/src/site.old/node_modules/sass/sass.dart.js:84861:12)
    at SpanScanner.expectChar$1 (/home/melinda/src/site.old/node_modules/sass/sass.dart.js:84864:19)
    at ScssParser0.expectStatementSeparator$1 (/home/melinda/src/site.old/node_modules/sass/sass.dart.js:114968:10)
    at ScssParser0.expectStatementSeparator$0 (/home/melinda/src/site.old/node_modules/sass/sass.dart.js:114971:19)
    at ScssParser0._stylesheet0$_declarationOrBuffer$0 (/home/melinda/src/site.old/node_modules/sass/sass.dart.js:119614:17)
    at ScssParser0._stylesheet0$_declarationOrStyleRule$0 (/home/melinda/src/site.old/node_modules/sass/sass.dart.js:119526:35)
    at ScssParser0._stylesheet0$_statement$1$root (/home/melinda/src/site.old/node_modules/sass/sass.dart.js:119420:162) {
  id: undefined,
  frame: '[sass] expected ";".\n' +
    '   ╷\n' +
    '66 │           text-decoration: none;\n' +
    '   │                          ^\n' +
    '   ╵\n' +
    '  src/lib/components/SpotifyWidget.svelte.vite-preprocess.scss 66:26  root stylesheet',
  line: 66,
  column: 26,
  __source: 'Style'
}
Preprocessing failed
sass.Exception [Error]: expected ";".
   ╷
66 │           text-decoration: none;
   │                          ^
   ╵
  src/lib/components/SpotifyWidget.svelte.vite-preprocess.scss 66:26  root stylesheet
    at Object.wrapException (/home/melinda/src/site.old/node_modules/sass/sass.dart.js:2295:43)
    at SpanScanner.error$3$length$position (/home/melinda/src/site.old/node_modules/sass/sass.dart.js:84780:15)
    at SpanScanner._fail$1 (/home/melinda/src/site.old/node_modules/sass/sass.dart.js:84919:12)
    at SpanScanner.expectChar$2$name (/home/melinda/src/site.old/node_modules/sass/sass.dart.js:84861:12)
    at SpanScanner.expectChar$1 (/home/melinda/src/site.old/node_modules/sass/sass.dart.js:84864:19)
    at ScssParser0.expectStatementSeparator$1 (/home/melinda/src/site.old/node_modules/sass/sass.dart.js:114968:10)
    at ScssParser0.expectStatementSeparator$0 (/home/melinda/src/site.old/node_modules/sass/sass.dart.js:114971:19)
    at ScssParser0._stylesheet0$_declarationOrBuffer$0 (/home/melinda/src/site.old/node_modules/sass/sass.dart.js:119614:17)
    at ScssParser0._stylesheet0$_declarationOrStyleRule$0 (/home/melinda/src/site.old/node_modules/sass/sass.dart.js:119526:35)
    at ScssParser0._stylesheet0$_statement$1$root (/home/melinda/src/site.old/node_modules/sass/sass.dart.js:119420:162) {
  id: undefined,
  frame: '[sass] expected ";".\n' +
    '   ╷\n' +
    '66 │           text-decoration: none;\n' +
    '   │                          ^\n' +
    '   ╵\n' +
    '  src/lib/components/SpotifyWidget.svelte.vite-preprocess.scss 66:26  root stylesheet',
  line: 66,
  column: 26,
  __source: 'Style'
}
SnapshotManager File Statistics:
Project files: 32
Svelte files: 14
From node_modules: 229
Total: 261
Preprocessing failed
sass.Exception [Error]: expected ";".
   ╷
66 │           text-decoration: none;
   │                          ^
   ╵
  src/lib/components/SpotifyWidget.svelte.vite-preprocess.scss 66:26  root stylesheet
    at Object.wrapException (/home/melinda/src/site.old/node_modules/sass/sass.dart.js:2295:43)
    at SpanScanner.error$3$length$position (/home/melinda/src/site.old/node_modules/sass/sass.dart.js:84780:15)
    at SpanScanner._fail$1 (/home/melinda/src/site.old/node_modules/sass/sass.dart.js:84919:12)
    at SpanScanner.expectChar$2$name (/home/melinda/src/site.old/node_modules/sass/sass.dart.js:84861:12)
    at SpanScanner.expectChar$1 (/home/melinda/src/site.old/node_modules/sass/sass.dart.js:84864:19)
    at ScssParser0.expectStatementSeparator$1 (/home/melinda/src/site.old/node_modules/sass/sass.dart.js:114968:10)
    at ScssParser0.expectStatementSeparator$0 (/home/melinda/src/site.old/node_modules/sass/sass.dart.js:114971:19)
    at ScssParser0._stylesheet0$_declarationOrBuffer$0 (/home/melinda/src/site.old/node_modules/sass/sass.dart.js:119614:17)
    at ScssParser0._stylesheet0$_declarationOrStyleRule$0 (/home/melinda/src/site.old/node_modules/sass/sass.dart.js:119526:35)
    at ScssParser0._stylesheet0$_statement$1$root (/home/melinda/src/site.old/node_modules/sass/sass.dart.js:119420:162) {
  id: undefined,
  frame: '[sass] expected ";".\n' +
    '   ╷\n' +
    '66 │           text-decoration: none;\n' +
    '   │                          ^\n' +
    '   ╵\n' +
    '  src/lib/components/SpotifyWidget.svelte.vite-preprocess.scss 66:26  root stylesheet',
  line: 66,
  column: 26,
  __source: 'Style'
}
SnapshotManager File Statistics:
Project files: 32
Svelte files: 14
From node_modules: 229
Total: 261
SnapshotManager File Statistics:
Project files: 32
Svelte files: 14
From node_modules: 238
Total: 270
Reloading ts service at  /home/melinda/src/site.old/tsconfig.json  due to config updated
Trying to load configs for /home/melinda/src/site.old
Reloading ts service at  /home/melinda/src/site.old/tsconfig.json  due to config updated
Trying to load configs for /home/melinda/src/site.old
SnapshotManager File Statistics:
Project files: 32
Svelte files: 14
From node_modules: 229
Total: 261
SnapshotManager File Statistics:
Project files: 32
Svelte files: 14
From node_modules: 229
Total: 261
SnapshotManager File Statistics:
Project files: 32
Svelte files: 14
From node_modules: 229
Total: 261
Preprocessing failed
sass.Exception [Error]: expected "{".
   ╷
79 │         font-size: 2.2rem;
   │                          ^
   ╵
  src/lib/components/Entry.svelte.vite-preprocess.scss 79:26  root stylesheet
    at Object.wrapException (/home/melinda/src/site.old/node_modules/sass/sass.dart.js:2295:43)
    at SpanScanner.error$3$length$position (/home/melinda/src/site.old/node_modules/sass/sass.dart.js:84780:15)
    at SpanScanner._fail$1 (/home/melinda/src/site.old/node_modules/sass/sass.dart.js:84919:12)
    at SpanScanner.expectChar$2$name (/home/melinda/src/site.old/node_modules/sass/sass.dart.js:84861:12)
    at SpanScanner.expectChar$1 (/home/melinda/src/site.old/node_modules/sass/sass.dart.js:84864:19)
    at ScssParser0.children$1 (/home/melinda/src/site.old/node_modules/sass/sass.dart.js:115001:10)
    at ScssParser0._stylesheet0$_withChildren$1$3 (/home/melinda/src/site.old/node_modules/sass/sass.dart.js:122609:39)
    at ScssParser0._stylesheet0$_withChildren$3 (/home/melinda/src/site.old/node_modules/sass/sass.dart.js:122614:19)
    at ScssParser0._stylesheet0$_styleRule$2 (/home/melinda/src/site.old/node_modules/sass/sass.dart.js:119676:20)
    at ScssParser0._stylesheet0$_declarationOrStyleRule$0 (/home/melinda/src/site.old/node_modules/sass/sass.dart.js:119527:88) {
  id: undefined,
  frame: '[sass] expected "{".\n' +
    '   ╷\n' +
    '79 │         font-size: 2.2rem;\n' +
    '   │                          ^\n' +
    '   ╵\n' +
    '  src/lib/components/Entry.svelte.vite-preprocess.scss 79:26  root stylesheet',
  line: 79,
  column: 26,
  __source: 'Style'
}
Preprocessing failed
sass.Exception [Error]: expected "{".
   ╷
79 │         font-size: 2.2rem;
   │                          ^
   ╵
  src/lib/components/Entry.svelte.vite-preprocess.scss 79:26  root stylesheet
    at Object.wrapException (/home/melinda/src/site.old/node_modules/sass/sass.dart.js:2295:43)
    at SpanScanner.error$3$length$position (/home/melinda/src/site.old/node_modules/sass/sass.dart.js:84780:15)
    at SpanScanner._fail$1 (/home/melinda/src/site.old/node_modules/sass/sass.dart.js:84919:12)
    at SpanScanner.expectChar$2$name (/home/melinda/src/site.old/node_modules/sass/sass.dart.js:84861:12)
    at SpanScanner.expectChar$1 (/home/melinda/src/site.old/node_modules/sass/sass.dart.js:84864:19)
    at ScssParser0.children$1 (/home/melinda/src/site.old/node_modules/sass/sass.dart.js:115001:10)
    at ScssParser0._stylesheet0$_withChildren$1$3 (/home/melinda/src/site.old/node_modules/sass/sass.dart.js:122609:39)
    at ScssParser0._stylesheet0$_withChildren$3 (/home/melinda/src/site.old/node_modules/sass/sass.dart.js:122614:19)
    at ScssParser0._stylesheet0$_styleRule$2 (/home/melinda/src/site.old/node_modules/sass/sass.dart.js:119676:20)
    at ScssParser0._stylesheet0$_declarationOrStyleRule$0 (/home/melinda/src/site.old/node_modules/sass/sass.dart.js:119527:88) {
  id: undefined,
  frame: '[sass] expected "{".\n' +
    '   ╷\n' +
    '79 │         font-size: 2.2rem;\n' +
    '   │                          ^\n' +
    '   ╵\n' +
    '  src/lib/components/Entry.svelte.vite-preprocess.scss 79:26  root stylesheet',
  line: 79,
  column: 26,
  __source: 'Style'
}
Preprocessing failed
sass.Exception [Error]: Expected digit.
   ╷
70 │             height: 0.rem;
   │                       ^
   ╵
  src/lib/components/Entry.svelte.vite-preprocess.scss 70:23  root stylesheet
    at Object.wrapException (/home/melinda/src/site.old/node_modules/sass/sass.dart.js:2295:43)
    at SpanScanner.error$3$length$position (/home/melinda/src/site.old/node_modules/sass/sass.dart.js:84780:15)
    at SpanScanner.error$2$position (/home/melinda/src/site.old/node_modules/sass/sass.dart.js:84786:19)
    at ScssParser0._stylesheet0$_tryDecimal$1$allowTrailingDot (/home/melinda/src/site.old/node_modules/sass/sass.dart.js:121346:12)
    at ScssParser0._stylesheet0$_number$0 (/home/melinda/src/site.old/node_modules/sass/sass.dart.js:121310:13)
    at ScssParser0._stylesheet0$_expression$4$bracketList$consumeNewlines$singleEquals$until (/home/melinda/src/site.old/node_modules/sass/sass.dart.js:120909:44)
    at ScssParser0._stylesheet0$_expression$0 (/home/melinda/src/site.old/node_modules/sass/sass.dart.js:121004:19)
    at ScssParser0._stylesheet0$_declarationOrBuffer$0 (/home/melinda/src/site.old/node_modules/sass/sass.dart.js:119609:23)
    at ScssParser0._stylesheet0$_declarationOrStyleRule$0 (/home/melinda/src/site.old/node_modules/sass/sass.dart.js:119526:35)
    at ScssParser0._stylesheet0$_statement$1$root (/home/melinda/src/site.old/node_modules/sass/sass.dart.js:119420:162) {
  id: undefined,
  frame: '[sass] Expected digit.\n' +
    '   ╷\n' +
    '70 │             height: 0.rem;\n' +
    '   │                       ^\n' +
    '   ╵\n' +
    '  src/lib/components/Entry.svelte.vite-preprocess.scss 70:23  root stylesheet',
  line: 70,
  column: 23,
  __source: 'Style'
}
Preprocessing failed
sass.Exception [Error]: expected "{".
   ╷
79 │         font-size: 2.2rem;
   │                          ^
   ╵
  src/lib/components/Entry.svelte.vite-preprocess.scss 79:26  root stylesheet
    at Object.wrapException (/home/melinda/src/site.old/node_modules/sass/sass.dart.js:2295:43)
    at SpanScanner.error$3$length$position (/home/melinda/src/site.old/node_modules/sass/sass.dart.js:84780:15)
    at SpanScanner._fail$1 (/home/melinda/src/site.old/node_modules/sass/sass.dart.js:84919:12)
    at SpanScanner.expectChar$2$name (/home/melinda/src/site.old/node_modules/sass/sass.dart.js:84861:12)
    at SpanScanner.expectChar$1 (/home/melinda/src/site.old/node_modules/sass/sass.dart.js:84864:19)
    at ScssParser0.children$1 (/home/melinda/src/site.old/node_modules/sass/sass.dart.js:115001:10)
    at ScssParser0._stylesheet0$_withChildren$1$3 (/home/melinda/src/site.old/node_modules/sass/sass.dart.js:122609:39)
    at ScssParser0._stylesheet0$_withChildren$3 (/home/melinda/src/site.old/node_modules/sass/sass.dart.js:122614:19)
    at ScssParser0._stylesheet0$_styleRule$2 (/home/melinda/src/site.old/node_modules/sass/sass.dart.js:119676:20)
    at ScssParser0._stylesheet0$_declarationOrStyleRule$0 (/home/melinda/src/site.old/node_modules/sass/sass.dart.js:119527:88) {
  id: undefined,
  frame: '[sass] expected "{".\n' +
    '   ╷\n' +
    '79 │         font-size: 2.2rem;\n' +
    '   │                          ^\n' +
    '   ╵\n' +
    '  src/lib/components/Entry.svelte.vite-preprocess.scss 79:26  root stylesheet',
  line: 79,
  column: 26,
  __source: 'Style'
}
SnapshotManager File Statistics:
Project files: 32
Svelte files: 14
From node_modules: 229
Total: 261
SnapshotManager File Statistics:
Project files: 32
Svelte files: 14
From node_modules: 229
Total: 261
Reloading ts service at  /home/melinda/src/site.old/tsconfig.json  due to config updated
Trying to load configs for /home/melinda/src/site.old
SnapshotManager File Statistics:
Project files: 32
Svelte files: 14
From node_modules: 229
Total: 261
SnapshotManager File Statistics:
Project files: 32
Svelte files: 14
From node_modules: 229
Total: 261
SnapshotManager File Statistics:
Project files: 32
Svelte files: 14
From node_modules: 229
Total: 261
SnapshotManager File Statistics:
Project files: 32
Svelte files: 14
From node_modules: 229
Total: 261
SnapshotManager File Statistics:
Project files: 32
Svelte files: 14
From node_modules: 229
Total: 261
Reloading ts service at  /home/melinda/src/site.old/tsconfig.json  due to config updated
Trying to load configs for /home/melinda/src/site.old
