[05/29/25, 02:38:53:446] info: 
╔══════════════════════════════════════════════════════╗
║      Slack 4.44.60, linux 6.14.7-arch2-1 on x64      ║
╚══════════════════════════════════════════════════════╝ 
[05/29/25, 02:38:53:447] info: Configured logger via 
{
  "loggerInstanceCount": 1
}
[05/29/25, 02:38:53:461] info: Predefined values for process 
{
  "NODE_ENV": "production",
  "platform": "linux",
  "type": "browser",
  "timeZone": "America/Chicago",
  "PACKAGE_MANIFEST.productName": "Slack",
  "PACKAGE_MANIFEST.version": "4.44.60",
  "PACKAGE_MANIFEST.commit": "cf47348",
  "PACKAGE_MANIFEST.branch": "HEAD"
}
[05/29/25, 02:38:53:554] info: persistUuid:: Generated uuid 
{
  "uuid": "61790662-5884-424b-97a5-d62bf344cfdd"
}
[05/29/25, 02:38:53:554] info: persistUuid:: Uuid persisted successfully 
[05/29/25, 02:38:53:555] info: getSentryDSN: Setting sentry URL to slack.com 
[05/29/25, 02:38:53:571] info: Could not load previous electron version 
[05/29/25, 02:38:53:634] info: Breadcrumb: electron: app.will-finish-launching 
[05/29/25, 02:38:53:640] info: Breadcrumb: electron: app.ready 
[05/29/25, 02:38:53:658] info: Breadcrumb: electron: app.session-created 
[05/29/25, 02:38:53:659] info: Breadcrumb: electron: app.session-created 
[05/29/25, 02:38:53:663] info: Store: persist/PERSIST 
[05/29/25, 02:38:53:676] info: Migrating from redux-persist@v4 
[05/29/25, 02:38:53:677] info: Finished migrating state 
{
  "keys": [
    "_persist"
  ],
  "version": 1
}
[05/29/25, 02:38:53:677] info: Store: persist/REHYDRATE 
{
  "_persist": "Persistence version: 1"
}
[05/29/25, 02:38:53:680] warn: Telemetry trace before configured 
{
  "eventName": "desktop_performance_record"
}
[05/29/25, 02:38:53:680] info: Boot Phase: REHYDRATE, Duration: 7ms, From Boot to REHYDRATE: 402ms 
[05/29/25, 02:38:53:680] warn: Telemetry queued before configured 
{
  "event": 1001000
}
[05/29/25, 02:38:53:680] info: Store: RECORD_PERFORMANCE_TIMING 
{
  "phase": 0,
  "interval": 7
}
[05/29/25, 02:38:53:682] info: Store: UPDATE_SETTINGS 
{
  "locale": "en-US"
}
[05/29/25, 02:38:53:684] info: Store: INITIALIZE 
{
  "resourcePath": "/usr/lib/slack/resources/app.asar",
  "silent": true,
  "tsaToken": "[REDACTED]",
  "bootFragments": []
}
[05/29/25, 02:38:53:695] info: Store: SET_SESSION_MODE 
[05/29/25, 02:38:53:697] info: Feature Check: requesting features from https://app.slack.com/api/ 
[05/29/25, 02:38:53:699] info: Breadcrumb: electron: powerMonitor.newListener 
[05/29/25, 02:38:53:699] info: Breadcrumb: electron: powerMonitor.newListener 
[05/29/25, 02:38:53:699] info: Breadcrumb: electron: powerMonitor.newListener 
[05/29/25, 02:38:53:699] info: Breadcrumb: electron: powerMonitor.newListener 
[05/29/25, 02:38:53:722] warn: Failed to install protocol handler for slack:// links 
[05/29/25, 02:38:53:723] info: Startup Display id=58 at (1920, 0) [1600 x 1000] 
[05/29/25, 02:38:53:728] warn: Couldn't get Linux distro info from lsb_release, trying fallback to get Linux distro info 
{
  "error": {
    "name": "Error",
    "stack": "Error: Command failed: lsb_release -a --short\n/bin/sh: line 1: lsb_release: command not found\n\n    at genericNodeError (node:internal/errors:983:15)\n    at wrappedFn (node:internal/errors:537:14)\n    at ChildProcess.exithandler (node:child_process:414:12)\n    at ChildProcess.emit (node:events:518:28)\n    at ChildProcess.emit (node:domain:489:12)\n    at maybeClose (node:internal/child_process:1101:16)\n    at Socket.<anonymous> (node:internal/child_process:456:11)\n    at Socket.emit (node:events:518:28)\n    at Socket.emit (node:domain:489:12)\n    at Pipe.<anonymous> (node:net:351:12)",
    "message": "Command failed: lsb_release -a --short\n/bin/sh: line 1: lsb_release: command not found\n",
    "code": 127,
    "killed": false,
    "signal": null,
    "cmd": "lsb_release -a --short",
    "stdout": "",
    "stderr": "/bin/sh: line 1: lsb_release: command not found\n"
  }
}
[05/29/25, 02:38:53:739] info: getLinuxDistro: getos 
{
  "res": {
    "os": "linux",
    "dist": "Arch Linux"
  }
}
[05/29/25, 02:38:53:739] info: initializeEnvironmentEpic: set user agent fallback 
{
  "userAgent": "Mozilla/5.0 (X11; Linux x86_64; Arch Linux unversioned; Hyprland) AppleWebKit/537.36 (KHTML, like Gecko) Slack/4.44.60 Chrome/136.0.7103.49 Electron/36.1.0 Safari/537.36 Sonic Slack_SSB/4.44.60"
}
[05/29/25, 02:38:53:739] info: Store: READY 
{
  "resourcePath": "/usr/lib/slack/resources/app.asar",
  "silent": true,
  "tsaToken": "[REDACTED]",
  "bootFragments": [],
  "appVersion": "4.44.60",
  "arch": "x64",
  "isGpuCompositionAvailable": true,
  "platform": "linux",
  "platformVersion": {
    "major": 6,
    "minor": 14,
    "build": 7
  },
  "developerMenuOverride": false,
  "uuid": "61790662-5884-424b-97a5-d62bf344cfdd",
  "applicationProcessSessionId": "NjE3OTA2NjItNTg4NC00MjRiLTk3YTUtZDYyYmYzNDRjZmRkXzE3NDg1MDQzMzM1NTQ=",
  "distribution": "DDL",
  "clientEnvironment": 1000,
  "invokedOnStartup": false,
  "linux": {
    "os": "Arch Linux",
    "name": "Arch Linux ",
    "release": "",
    "codename": "",
    "desktopEnvironment": "Hyprland"
  }
}
[05/29/25, 02:38:53:740] info: Store: SET_ACCESSIBILITY_SUPPORT_ENABLED 
[05/29/25, 02:38:53:741] info: initializeApplicationEpic: trying to set ntlm credential domain for session 
{
  "sessionId": "PROD_DEFAULT_SESSION"
}
[05/29/25, 02:38:53:741] info: initializeApplicationEpic: Setting spellcheck dictionary URL 
{
  "dictionaryUrl": "https://spellcheck.slack-edge.com/dictionaries_v2/"
}
[05/29/25, 02:38:53:741] info: initializeApplicationEpic: Welcome to Slack 4.44.60 x64 
[05/29/25, 02:38:53:741] info: Store: CREATE_WINDOW 
{
  "type": "main"
}
[05/29/25, 02:38:53:741] info: Breadcrumb: electron: powerMonitor.newListener 
[05/29/25, 02:38:53:743] info: logExternalConfigEpic: initial external config 
{
  "defaults": {}
}
[05/29/25, 02:38:53:743] info: getIsUpdateSupported: Updates are not supported 
{
  "version": "4.44.60",
  "reasons": [
    "using Linux"
  ],
  "distribution": "DDL",
  "executable": "/usr/lib/slack"
}
[05/29/25, 02:38:53:745] info: persistUuid:: Generated uuid 
{
  "uuid": "3c5aaf0c-5a4a-4aab-9771-41dc82fd2845"
}
[05/29/25, 02:38:53:745] info: persistUuid:: Uuid persisted successfully 
[05/29/25, 02:38:53:764] info: Breadcrumb: electron: app.web-contents-created 
[05/29/25, 02:38:53:765] info: Breadcrumb: electron: app.browser-window-created 
[05/29/25, 02:38:53:770] info: getSonicBaseURL: 
{
  "url": "https://app.slack.com"
}
[05/29/25, 02:38:53:771] info: Store: WINDOW_CREATED 
{
  "type": "main",
  "webappType": "app",
  "initialLoadURL": "https://app.slack.com/ssb/first?redir=%2Fssb%2Fclient",
  "id": 1,
  "frame": {
    "isHtmlFullScreen": false,
    "isCurrentlyAudible": false,
    "isFullScreen": false,
    "isMinimized": false,
    "isMaximized": false,
    "isVisible": false,
    "isFocused": false,
    "bounds": {
      "x": 2320,
      "y": 200,
      "width": 800,
      "height": 600
    },
    "hasVibrancy": false,
    "isAlwaysOnTop": false
  }
}
[05/29/25, 02:38:53:773] info: Boot Phase: MAIN_WINDOW_CREATED, Duration: 94ms, From Boot to MAIN_WINDOW_CREATED: 495ms 
[05/29/25, 02:38:53:773] info: Store: RECORD_PERFORMANCE_TIMING 
{
  "phase": 1,
  "interval": 94
}
[05/29/25, 02:38:53:775] info: Watching for keyboard layout changes 
[05/29/25, 02:38:53:777] info: Store: UPDATE_SETTINGS 
{
  "keyboardLayout": "us"
}
[05/29/25, 02:38:53:779] info: Breadcrumb: electron: powerMonitor.newListener 
[05/29/25, 02:38:53:779] info: Breadcrumb: electron: powerMonitor.newListener 
[05/29/25, 02:38:53:782] info: initialSettingsPayload: trying to invalidate settings 
{
  "payload": {
    "launchOnStartup": false,
    "PrefSSBFileDownloadPath": "/home/[REDACTED]/Downloads",
    "PrefSSBFileDownloadPathDisplayName": "Downloads",
    "hasRunApp": true
  }
}
[05/29/25, 02:38:53:782] info: Store: UPDATE_SETTINGS 
{
  "launchOnStartup": false,
  "PrefSSBFileDownloadPath": "/home/[REDACTED]/Downloads",
  "PrefSSBFileDownloadPathDisplayName": "Downloads",
  "hasRunApp": true
}
[05/29/25, 02:38:53:784] info: Store: SET_UPDATE_SUPPORTED 
[05/29/25, 02:38:53:791] info: registerLifeCycleEvents: Registering webContents:1 
[05/29/25, 02:38:53:791] info: registerLifeCycleEvents: webContents:1 is type 'app' 
[05/29/25, 02:38:53:792] info: Store: UPSERT_WEB_CONTENTS 
{
  "id": 1,
  "state": "unloaded",
  "type": "app"
}
[05/29/25, 02:38:53:795] info: getSonicBaseURL: 
{
  "url": "https://app.slack.com"
}
[05/29/25, 02:38:53:796] info: Permission check denied: 
{
  "isMainFrame": true,
  "permission": "media",
  "requestingOrigin": null,
  "requestingUrl": null,
  "securityOrigin": null,
  "mediaType": "video",
  "slackChildWindowRequest": {
    "result": false,
    "reason": "Not child window URL"
  }
}
[05/29/25, 02:38:53:796] info: Permission check denied: 
{
  "isMainFrame": true,
  "permission": "media",
  "requestingOrigin": null,
  "requestingUrl": null,
  "securityOrigin": null,
  "mediaType": "audio",
  "slackChildWindowRequest": {
    "result": false,
    "reason": "Not child window URL"
  }
}
[05/29/25, 02:38:53:796] info: Permission check denied: 
{
  "isMainFrame": true,
  "permission": "geolocation",
  "requestingOrigin": null,
  "requestingUrl": null,
  "securityOrigin": null,
  "slackChildWindowRequest": {
    "result": false,
    "reason": "Not child window URL"
  }
}
[05/29/25, 02:38:53:849] info: Breadcrumb: electron: app.gpu-info-update 
[05/29/25, 02:38:53:850] info: collectSystemInfo: Received app.gpu-info-update event 
[05/29/25, 02:38:53:853] info: System configuration information 
{
  "info": {
    "total_memory_in_gb": 15,
    "gpuFeatures": {
      "2d_canvas": "enabled",
      "direct_rendering_display_compositor": "disabled_off_ok",
      "gpu_compositing": "disabled_software",
      "multiple_raster_threads": "enabled_on",
      "opengl": "enabled_on",
      "rasterization": "enabled",
      "raw_draw": "disabled_off_ok",
      "skia_graphite": "disabled_off",
      "video_decode": "enabled",
      "video_encode": "disabled_software",
      "vulkan": "disabled_off",
      "webgl": "enabled_readback",
      "webgl2": "enabled_readback",
      "webgpu": "disabled_off",
      "webnn": "disabled_off"
    },
    "cpu_model": "AMD Ryzen 9 7940HS w/ Radeon 780M Graphics",
    "cpu_logical_core": 16,
    "cpu_clock_speed": 2158,
    "gpuDevice": [
      {
        "active": true,
        "deviceId": 5567,
        "gpuPreference": 0,
        "vendorId": 4098
      },
      {
        "active": false,
        "deviceId": 10464,
        "gpuPreference": 0,
        "vendorId": 4318
      }
    ],
    "machine_model_name": "unknown",
    "machine_model_version": "unknown",
    "crash_db_size_kb": 1
  }
}
[05/29/25, 02:38:53:880] info: Breadcrumb: electron.net: undefined 
{
  "url": "[REDACTED]",
  "method": "POST",
  "status_code": 200
}
[05/29/25, 02:38:53:883] info: Breadcrumb: electron.net: undefined 
{
  "url": "[REDACTED]",
  "method": "POST",
  "status_code": 200
}
[05/29/25, 02:38:54:007] info: Finished download of spellcheck dictionary 
{
  "code": "en-US"
}
[05/29/25, 02:38:54:008] info: Spellcheck dictionary initialized 
{
  "code": "en-US"
}
[05/29/25, 02:38:54:113] info: Breadcrumb: electron.net: undefined 
{
  "url": "[REDACTED]",
  "method": "GET",
  "status_code": 200
}
[05/29/25, 02:38:54:115] info: Feature Check: received experiments 
{
  "ok": true,
  "experiments": [
    {
      "experiment": "",
      "disable_chrome_features": [
        "PostQuantumKyber"
      ],
      "type": "normal"
    }
  ]
}
[05/29/25, 02:38:54:667] info: Permission check granted: 
{
  "isMainFrame": false,
  "permission": "background-sync",
  "requestingOrigin": "https://app.slack.com/",
  "requestingUrl": null,
  "securityOrigin": null,
  "slackChildWindowRequest": false
}
[05/29/25, 02:38:54:720] info: Store: UPDATE_SETTINGS 
{
  "userTheme": "light"
}
[05/29/25, 02:38:54:722] info: Store: UPDATE_SETTINGS 
{
  "systemThemeSyncEnabled": false
}
[05/29/25, 02:38:54:738] info: Permission check granted: 
{
  "isMainFrame": true,
  "permission": "media",
  "requestingOrigin": "https://app.slack.com/",
  "requestingUrl": "https://app.slack.com/ssb/first?redir=%2Fssb%2Fclient",
  "securityOrigin": null,
  "mediaType": "video",
  "slackChildWindowRequest": {
    "result": false,
    "reason": "Not child window URL"
  }
}
[05/29/25, 02:38:54:739] info: Permission check granted: 
{
  "isMainFrame": true,
  "permission": "media",
  "requestingOrigin": "https://app.slack.com/",
  "requestingUrl": "https://app.slack.com/ssb/first?redir=%2Fssb%2Fclient",
  "securityOrigin": null,
  "mediaType": "audio",
  "slackChildWindowRequest": {
    "result": false,
    "reason": "Not child window URL"
  }
}
[05/29/25, 02:38:54:739] info: Permission check granted: 
{
  "isMainFrame": true,
  "permission": "geolocation",
  "requestingOrigin": "https://app.slack.com/",
  "requestingUrl": "https://app.slack.com/ssb/first?redir=%2Fssb%2Fclient",
  "securityOrigin": null,
  "slackChildWindowRequest": {
    "result": false,
    "reason": "Not child window URL"
  }
}
[05/29/25, 02:38:54:774] info: Breadcrumb: electron: renderer.dom-ready 
{
  "id": 1,
  "url": "[REDACTED]"
}
[05/29/25, 02:38:54:775] info: registerLifeCycleEvents: webContents:1 from 'unloaded' to 'loaded' took 984 ms 
[05/29/25, 02:38:54:775] info: Store: UPSERT_WEB_CONTENTS 
{
  "id": 1,
  "state": "loaded"
}
[05/29/25, 02:38:54:776] info: Boot Phase: WEB_CONTENTS_DOM_READY, Duration: 1003ms, From Boot to WEB_CONTENTS_DOM_READY: 1498ms 
[05/29/25, 02:38:54:776] info: Store: RECORD_PERFORMANCE_TIMING 
{
  "phase": 2,
  "interval": 1003
}
[05/29/25, 02:38:54:777] info: initializeMainWindowEpic: Showing main window 
{
  "maximized": false,
  "shouldHide": false,
  "fullScreen": false
}
[05/29/25, 02:38:54:778] info: Breadcrumb: electron: window.show 
{
  "id": 1,
  "url": "[REDACTED]"
}
[05/29/25, 02:38:54:778] info: Store: SET_WINDOW_FRAME 
{
  "id": 1,
  "frame": {
    "isVisible": true
  },
  "fromEvent": true
}
[05/29/25, 02:38:54:779] info: Store: MAIN_WINDOW_SHOWN 
[05/29/25, 02:38:54:780] info: Store: CLEAR_NOTIFICATIONS 
[05/29/25, 02:38:54:786] info: waitAuthCookieChange: waiting for auth change for session 
{
  "sessionId": "PROD_DEFAULT_SESSION"
}
[05/29/25, 02:38:54:802] info: Breadcrumb: electron: window.maximize 
{
  "id": 1,
  "url": "[REDACTED]"
}
[05/29/25, 02:38:54:803] info: Store: SET_WINDOW_FRAME 
{
  "id": 1,
  "frame": {
    "isMaximized": true
  },
  "fromEvent": true
}
[05/29/25, 02:38:54:808] info: Store: SET_WINDOW_FRAME 
{
  "id": 1,
  "frame": {
    "bounds": {
      "x": 0,
      "y": 0,
      "width": 1556,
      "height": 903
    }
  },
  "fromEvent": true
}
[05/29/25, 02:38:54:814] info: Breadcrumb: electron: window.focus 
{
  "id": 1,
  "url": "[REDACTED]"
}
[05/29/25, 02:38:54:815] info: Breadcrumb: electron: app.browser-window-focus 
[05/29/25, 02:38:54:816] info: Store: SET_WINDOW_FRAME 
{
  "id": 1,
  "frame": {
    "isFocused": true
  },
  "fromEvent": true
}
[05/29/25, 02:38:54:827] info: Permission check granted: 
{
  "isMainFrame": true,
  "permission": "background-sync",
  "requestingOrigin": "https://app.slack.com/",
  "requestingUrl": "https://app.slack.com/ssb/first?redir=%2Fssb%2Fclient",
  "securityOrigin": null,
  "slackChildWindowRequest": {
    "result": false,
    "reason": "Not child window URL"
  }
}
[05/29/25, 02:38:54:832] info: Breadcrumb: electron: window.ready-to-show 
{
  "id": 1,
  "url": "[REDACTED]"
}
[05/29/25, 02:38:54:836] info: Breadcrumb: electron.net: undefined 
{
  "url": "[REDACTED]",
  "method": "POST",
  "status_code": 200
}
[05/29/25, 02:38:54:855] info: Breadcrumb: electron.net: undefined 
{
  "url": "[REDACTED]",
  "method": "POST",
  "status_code": 200
}
[05/29/25, 02:38:54:860] info: Breadcrumb: electron.net: undefined 
{
  "url": "[REDACTED]",
  "method": "POST",
  "status_code": 200
}
[05/29/25, 02:38:54:874] info: registerLifeCycleEvents: webContents:1 is type 'app' 
[05/29/25, 02:38:54:874] info: Store: UPSERT_WEB_CONTENTS 
{
  "id": 1,
  "type": "app",
  "history": "[REDACTED]"
}
[05/29/25, 02:38:54:938] info: Store: SET_NETWORK_STATUS online
[05/29/25, 02:38:55:183] info: Breadcrumb: electron: window.close 
{
  "id": 1,
  "url": "[REDACTED]"
}
[05/29/25, 02:38:55:184] info: Main window closed, consider it a quit action 
{
  "runFromTray": true,
  "keepAppInTaskbar": false
}
[05/29/25, 02:38:55:185] info: Store: QUIT_APP 
[05/29/25, 02:38:55:185] info: Store: DOWNLOADS_CLEANED_UP 
[05/29/25, 02:38:55:187] info: Breadcrumb: electron: window.hide 
{
  "id": 1,
  "url": "[REDACTED]"
}
[05/29/25, 02:38:55:187] info: Store: SET_WINDOW_FRAME 
{
  "id": 1,
  "frame": {
    "isVisible": false
  },
  "fromEvent": true
}
[05/29/25, 02:38:55:187] info: EpicHelpers: Flushing cookie store for session 
{
  "sessionId": "PROD_DEFAULT_SESSION"
}
[05/29/25, 02:38:55:188] info: Disposing WL… 
[05/29/25, 02:38:55:188] info: Disposing QL… 
[05/29/25, 02:38:55:188] info: Disposing VE… 
[05/29/25, 02:38:55:192] info: Breadcrumb: electron: window.blur 
{
  "id": 1,
  "url": "[REDACTED]"
}
[05/29/25, 02:38:55:192] info: Breadcrumb: electron: app.browser-window-blur 
[05/29/25, 02:38:55:193] info: Store: SET_WINDOW_FRAME 
{
  "id": 1,
  "frame": {
    "isFocused": false
  },
  "fromEvent": true
}
[05/29/25, 02:38:55:195] info: flushLocalSettings: Flushing local-settings.json 
{
  "keys": [
    "useHwAcceleration",
    "rxLogging"
  ]
}
[05/29/25, 02:38:55:196] info: LocalSettings: updating values 
{
  "key": "useHwAcceleration",
  "value": true
}
[05/29/25, 02:38:55:199] info: Store: persist/FLUSH 
[05/29/25, 02:38:55:207] info: registerLifeCycleEvents: webContents:1 from 'loaded' to 'page-closed' took 333 ms 
[05/29/25, 02:38:55:207] info: Store: UPSERT_WEB_CONTENTS 
{
  "id": 1,
  "state": "page-closed"
}
[05/29/25, 02:38:55:212] info: Breadcrumb: electron: renderer.destroyed 
{
  "id": 1,
  "url": "[REDACTED]"
}
[05/29/25, 02:38:55:213] info: Store: REMOVE_WEB_CONTENTS 
{
  "id": 1
}
[05/29/25, 02:38:55:218] info: Breadcrumb: electron: window.closed 
{
  "id": 1,
  "url": "[REDACTED]"
}
[05/29/25, 02:38:55:218] info: Store: REMOVE_WINDOW 1
[05/29/25, 02:38:55:219] info: Breadcrumb: electron: app.window-all-closed 
[05/29/25, 02:38:55:219] info: Breadcrumb: electron: app.before-quit 
[05/29/25, 02:38:55:219] info: Breadcrumb: electron: app.will-quit 
[05/29/25, 02:38:55:219] info: Telling native-keymap to ignore all future events as we are quitting 
[05/29/25, 02:38:55:254] info: Breadcrumb: electron.net: undefined 
{
  "url": "[REDACTED]",
  "method": "POST",
  "status_code": 200
}
[05/29/25, 02:38:55:286] info: Breadcrumb: electron: app.quit 
