[05/29/25, 02:38:53:743] info: 
╔══════════════════════════════════════════════════════╗
║      Slack 4.44.60, linux 6.14.7-arch2-1 on x64      ║
╚══════════════════════════════════════════════════════╝ 
[05/29/25, 02:38:53:743] info: Configured logger via 
{
  "enableConsoleTransport": true,
  "identifierOverride": "webapp-service-worker-console",
  "loggerInstanceCount": 2
}
[05/29/25, 02:38:53:744] info: Predefined values for process 
{
  "NODE_ENV": "production",
  "platform": "linux",
  "type": "browser",
  "timeZone": "America/Chicago",
  "PACKAGE_MANIFEST.productName": "Slack",
  "PACKAGE_MANIFEST.version": "4.44.60",
  "PACKAGE_MANIFEST.commit": "cf47348",
  "PACKAGE_MANIFEST.branch": "HEAD"
}
