2025-05-30 18:49:16.531 [info] Reading sessions from keychain...
2025-05-30 18:49:16.531 [info] Getting sessions for all scopes...
2025-05-30 18:49:16.531 [info] Getting sessions for all scopes...
2025-05-30 18:49:16.531 [info] Getting sessions for all scopes...
2025-05-30 18:49:16.531 [info] Got 0 sessions for ...
2025-05-30 18:49:16.531 [info] Got 0 sessions for ...
2025-05-30 18:49:16.531 [info] Got 0 sessions for ...
2025-05-30 18:49:16.546 [info] Getting sessions for all scopes...
2025-05-30 18:49:16.546 [info] Got 0 sessions for ...
2025-05-30 18:49:16.547 [info] Getting sessions for all scopes...
2025-05-30 18:49:16.547 [info] Got 0 sessions for ...
2025-05-30 18:49:16.547 [info] Getting sessions for all scopes...
2025-05-30 18:49:16.547 [info] Got 0 sessions for ...
2025-05-30 18:49:16.547 [info] Getting sessions for all scopes...
2025-05-30 18:49:16.547 [info] Got 0 sessions for ...
2025-05-30 18:49:16.547 [info] Getting sessions for all scopes...
2025-05-30 18:49:16.547 [info] Got 0 sessions for ...
2025-05-30 18:49:16.551 [info] Getting sessions for all scopes...
2025-05-30 18:49:16.551 [info] Got 0 sessions for ...
2025-05-30 18:49:16.551 [info] Getting sessions for all scopes...
2025-05-30 18:49:16.551 [info] Got 0 sessions for ...
2025-05-30 18:49:16.551 [info] Getting sessions for all scopes...
2025-05-30 18:49:16.551 [info] Got 0 sessions for ...
2025-05-30 18:49:16.551 [info] Getting sessions for all scopes...
2025-05-30 18:49:16.551 [info] Got 0 sessions for ...
2025-05-30 18:49:16.551 [info] Getting sessions for all scopes...
2025-05-30 18:49:16.551 [info] Got 0 sessions for ...
2025-05-30 18:49:16.551 [info] Getting sessions for all scopes...
2025-05-30 18:49:16.551 [info] Got 0 sessions for ...
2025-05-30 18:49:16.869 [info] Getting sessions for all scopes...
2025-05-30 18:49:16.869 [info] Got 0 sessions for ...
2025-05-30 18:49:18.334 [info] Getting sessions for all scopes...
2025-05-30 18:49:18.334 [info] Got 0 sessions for ...
2025-05-30 18:49:30.040 [info] Reading sessions from keychain...
2025-05-30 18:49:30.040 [info] Getting sessions for all scopes...
2025-05-30 18:49:30.040 [info] Getting sessions for all scopes...
2025-05-30 18:49:30.040 [info] Getting sessions for all scopes...
2025-05-30 18:49:30.040 [info] Getting sessions for all scopes...
2025-05-30 18:49:30.040 [info] Getting sessions for all scopes...
2025-05-30 18:49:30.040 [info] Getting sessions for all scopes...
2025-05-30 18:49:30.040 [info] Getting sessions for all scopes...
2025-05-30 18:49:30.040 [info] Getting sessions for all scopes...
2025-05-30 18:49:30.040 [info] Got 0 sessions for ...
2025-05-30 18:49:30.040 [info] Got 0 sessions for ...
2025-05-30 18:49:30.040 [info] Got 0 sessions for ...
2025-05-30 18:49:30.040 [info] Got 0 sessions for ...
2025-05-30 18:49:30.040 [info] Got 0 sessions for ...
2025-05-30 18:49:30.040 [info] Got 0 sessions for ...
2025-05-30 18:49:30.040 [info] Got 0 sessions for ...
2025-05-30 18:49:30.040 [info] Got 0 sessions for ...
2025-05-30 18:49:30.050 [info] Getting sessions for all scopes...
2025-05-30 18:49:30.050 [info] Got 0 sessions for ...
2025-05-30 18:49:30.050 [info] Getting sessions for all scopes...
2025-05-30 18:49:30.050 [info] Got 0 sessions for ...
2025-05-30 18:49:30.050 [info] Getting sessions for all scopes...
2025-05-30 18:49:30.050 [info] Got 0 sessions for ...
2025-05-30 18:49:30.050 [info] Getting sessions for all scopes...
2025-05-30 18:49:30.050 [info] Got 0 sessions for ...
2025-05-30 18:49:30.050 [info] Getting sessions for all scopes...
2025-05-30 18:49:30.050 [info] Got 0 sessions for ...
2025-05-30 18:49:30.050 [info] Getting sessions for all scopes...
2025-05-30 18:49:30.050 [info] Got 0 sessions for ...
2025-05-30 18:49:30.098 [info] Getting sessions for all scopes...
2025-05-30 18:49:30.098 [info] Got 0 sessions for ...
2025-05-30 18:49:32.132 [info] Getting sessions for all scopes...
2025-05-30 18:49:32.132 [info] Got 0 sessions for ...
2025-05-30 19:10:25.581 [info] Getting sessions for read:user,repo,user:email,workflow...
2025-05-30 19:10:25.581 [info] Got 0 sessions for read:user,repo,user:email,workflow...
