2025-05-31 04:02:47.018 [info] [main] Log level: Info
2025-05-31 04:02:47.018 [info] [main] Validating found git in: "git"
2025-05-31 04:02:47.018 [info] [main] Using git "2.49.0" from "git"
2025-05-31 04:02:47.018 [info] [Model][doInitialScan] Initial repository scan started
2025-05-31 04:02:47.018 [info] [Model][doInitialScan] Initial repository scan completed - repositories (0), closed repositories (0), parent repositories (0), unsafe repositories (0)
2025-05-31 04:02:59.723 [info] [main] Log level: Info
2025-05-31 04:02:59.723 [info] [main] Validating found git in: "git"
2025-05-31 04:02:59.723 [info] [main] Using git "2.49.0" from "git"
2025-05-31 04:02:59.723 [info] [Model][doInitialScan] Initial repository scan started
2025-05-31 04:02:59.723 [info] > git rev-parse --show-toplevel [8ms]
2025-05-31 04:02:59.730 [info] > git rev-parse --git-dir --git-common-dir [1ms]
2025-05-31 04:02:59.736 [info] [Model][openRepository] Opened repository (path): /home/melinda/src/rustlings
2025-05-31 04:02:59.736 [info] [Model][openRepository] Opened repository (real path): /home/melinda/src/rustlings
2025-05-31 04:02:59.770 [info] > git rev-parse --show-toplevel [21ms]
2025-05-31 04:02:59.771 [info] > git config --get commit.template [29ms]
2025-05-31 04:02:59.791 [info] [Git][getRemotes] No remotes found in the git config file
2025-05-31 04:02:59.792 [info] > git rev-parse --show-toplevel [7ms]
2025-05-31 04:02:59.797 [info] > git for-each-ref --format=%(refname)%00%(upstream:short)%00%(objectname)%00%(upstream:track)%00%(upstream:remotename)%00%(upstream:remoteref) refs/heads/main refs/remotes/main [5ms]
2025-05-31 04:02:59.797 [warning] [Git][getBranch] No such branch: main
2025-05-31 04:02:59.809 [info] > git status -z -uall [8ms]
2025-05-31 04:02:59.810 [info] > git rev-parse --show-toplevel [14ms]
2025-05-31 04:02:59.817 [info] > git for-each-ref --sort -committerdate --format %(refname)%00%(objectname)%00%(*objectname) [10ms]
2025-05-31 04:02:59.844 [info] > git for-each-ref --format=%(refname)%00%(upstream:short)%00%(objectname)%00%(upstream:track)%00%(upstream:remotename)%00%(upstream:remoteref) refs/heads/main refs/remotes/main [17ms]
2025-05-31 04:02:59.844 [warning] [Git][getBranch] No such branch: main
2025-05-31 04:02:59.844 [error] [GitHistoryProvider][resolveHEADMergeBase] Failed to resolve merge base for main: Error: No such branch: main.
2025-05-31 04:02:59.844 [info] > git rev-parse --show-toplevel [29ms]
2025-05-31 04:02:59.846 [info] [Model][doInitialScan] Initial repository scan completed - repositories (1), closed repositories (0), parent repositories (0), unsafe repositories (0)
2025-05-31 04:02:59.869 [info] > git config --get commit.template [36ms]
2025-05-31 04:02:59.937 [info] [Git][getRemotes] No remotes found in the git config file
2025-05-31 04:02:59.964 [info] > git for-each-ref --format=%(refname)%00%(upstream:short)%00%(objectname)%00%(upstream:track)%00%(upstream:remotename)%00%(upstream:remoteref) refs/heads/main refs/remotes/main [27ms]
2025-05-31 04:02:59.964 [warning] [Git][getBranch] No such branch: main
2025-05-31 04:02:59.974 [info] > git status -z -uall [6ms]
2025-05-31 04:02:59.975 [info] > git for-each-ref --sort -committerdate --format %(refname)%00%(objectname)%00%(*objectname) [2ms]
2025-05-31 04:03:00.279 [info] > git check-ignore -v -z --stdin [1ms]
2025-05-31 04:03:04.194 [info] > git check-ignore -v -z --stdin [6ms]
2025-05-31 04:03:04.847 [info] > git check-ignore -v -z --stdin [7ms]
2025-05-31 04:03:05.423 [info] > git check-ignore -v -z --stdin [1ms]
2025-05-31 04:03:06.311 [info] > git config --get commit.template [3ms]
2025-05-31 04:03:06.317 [info] [Git][getRemotes] No remotes found in the git config file
2025-05-31 04:03:06.317 [info] > git for-each-ref --format=%(refname)%00%(upstream:short)%00%(objectname)%00%(upstream:track)%00%(upstream:remotename)%00%(upstream:remoteref) refs/heads/main refs/remotes/main [1ms]
2025-05-31 04:03:06.317 [warning] [Git][getBranch] No such branch: main
2025-05-31 04:03:06.327 [info] > git status -z -uall [5ms]
2025-05-31 04:03:06.328 [info] > git for-each-ref --sort -committerdate --format %(refname)%00%(objectname)%00%(*objectname) [1ms]
2025-05-31 04:05:12.431 [info] > git config --get commit.template [2ms]
2025-05-31 04:05:12.436 [info] [Git][getRemotes] No remotes found in the git config file
2025-05-31 04:05:12.436 [info] > git for-each-ref --format=%(refname)%00%(upstream:short)%00%(objectname)%00%(upstream:track)%00%(upstream:remotename)%00%(upstream:remoteref) refs/heads/main refs/remotes/main [1ms]
2025-05-31 04:05:12.436 [warning] [Git][getBranch] No such branch: main
2025-05-31 04:05:12.447 [info] > git status -z -uall [6ms]
2025-05-31 04:05:12.448 [info] > git for-each-ref --sort -committerdate --format %(refname)%00%(objectname)%00%(*objectname) [2ms]
2025-05-31 04:05:22.233 [info] [Git][getRemotes] No remotes found in the git config file
2025-05-31 04:05:22.234 [info] > git config --get commit.template [9ms]
2025-05-31 04:05:22.234 [info] > git for-each-ref --format=%(refname)%00%(upstream:short)%00%(objectname)%00%(upstream:track)%00%(upstream:remotename)%00%(upstream:remoteref) refs/heads/main refs/remotes/main [1ms]
2025-05-31 04:05:22.234 [warning] [Git][getBranch] No such branch: main
2025-05-31 04:05:22.248 [info] > git status -z -uall [7ms]
2025-05-31 04:05:22.249 [info] > git for-each-ref --sort -committerdate --format %(refname)%00%(objectname)%00%(*objectname) [2ms]
2025-05-31 04:05:23.184 [info] > git check-ignore -v -z --stdin [1ms]
2025-05-31 04:05:34.499 [info] [Git][getRemotes] No remotes found in the git config file
2025-05-31 04:05:34.499 [info] > git config --get commit.template [5ms]
2025-05-31 04:05:34.500 [info] > git for-each-ref --format=%(refname)%00%(upstream:short)%00%(objectname)%00%(upstream:track)%00%(upstream:remotename)%00%(upstream:remoteref) refs/heads/main refs/remotes/main [1ms]
2025-05-31 04:05:34.500 [warning] [Git][getBranch] No such branch: main
2025-05-31 04:05:34.509 [info] > git status -z -uall [5ms]
2025-05-31 04:05:34.510 [info] > git for-each-ref --sort -committerdate --format %(refname)%00%(objectname)%00%(*objectname) [2ms]
2025-05-31 04:05:39.524 [info] [Git][getRemotes] No remotes found in the git config file
2025-05-31 04:05:39.524 [info] > git config --get commit.template [5ms]
2025-05-31 04:05:39.524 [info] > git for-each-ref --format=%(refname)%00%(upstream:short)%00%(objectname)%00%(upstream:track)%00%(upstream:remotename)%00%(upstream:remoteref) refs/heads/main refs/remotes/main [1ms]
2025-05-31 04:05:39.524 [warning] [Git][getBranch] No such branch: main
2025-05-31 04:05:39.536 [info] > git status -z -uall [7ms]
2025-05-31 04:05:39.537 [info] > git for-each-ref --sort -committerdate --format %(refname)%00%(objectname)%00%(*objectname) [2ms]
